{
  "G:\\AI agent\\src\\App.tsx": {
    "path": "G:\\AI agent\\src\\App.tsx",
    "statementMap": {
      "0": { "start": { "line": 19, "column": 8 }, "end": { "line": 19, "column": 32 } },
      "1": { "start": { "line": 20, "column": 21 }, "end": { "line": 20, "column": 53 } },
      "2": { "start": { "line": 21, "column": 22 }, "end": { "line": 21, "column": 61 } },
      "3": { "start": { "line": 23, "column": 2 }, "end": { "line": 68, "column": null } },
      "4": { "start": { "line": 24, "column": 10 }, "end": { "line": 28, "column": null } },
      "5": { "start": { "line": 25, "column": 6 }, "end": { "line": 25, "column": null } },
      "6": { "start": { "line": 26, "column": 6 }, "end": { "line": 26, "column": null } },
      "7": { "start": { "line": 27, "column": 6 }, "end": { "line": 28, "column": null } },
      "8": { "start": { "line": 28, "column": 8 }, "end": { "line": 28, "column": null } },
      "9": { "start": { "line": 32, "column": 10 }, "end": { "line": 37, "column": null } },
      "10": { "start": { "line": 33, "column": 6 }, "end": { "line": 33, "column": null } },
      "11": { "start": { "line": 34, "column": 6 }, "end": { "line": 34, "column": null } },
      "12": { "start": { "line": 36, "column": 6 }, "end": { "line": 37, "column": null } },
      "13": { "start": { "line": 37, "column": 9 }, "end": { "line": 37, "column": null } },
      "14": { "start": { "line": 41, "column": 23 }, "end": { "line": 54, "column": null } },
      "15": { "start": { "line": 42, "column": 6 }, "end": { "line": 42, "column": null } },
      "16": { "start": { "line": 43, "column": 6 }, "end": { "line": 43, "column": null } },
      "17": { "start": { "line": 44, "column": 6 }, "end": { "line": 44, "column": null } },
      "18": { "start": { "line": 46, "column": 20 }, "end": { "line": 46, "column": null } },
      "19": { "start": { "line": 47, "column": 6 }, "end": { "line": 54, "column": null } },
      "20": { "start": { "line": 48, "column": 8 }, "end": { "line": 54, "column": null } },
      "21": { "start": { "line": 49, "column": 34 }, "end": { "line": 49, "column": 67 } },
      "22": { "start": { "line": 50, "column": 10 }, "end": { "line": 50, "column": null } },
      "23": { "start": { "line": 51, "column": 10 }, "end": { "line": 51, "column": null } },
      "24": { "start": { "line": 52, "column": 10 }, "end": { "line": 52, "column": null } },
      "25": { "start": { "line": 54, "column": 10 }, "end": { "line": 54, "column": null } },
      "26": { "start": { "line": 59, "column": 4 }, "end": { "line": 59, "column": null } },
      "27": { "start": { "line": 60, "column": 4 }, "end": { "line": 60, "column": null } },
      "28": { "start": { "line": 61, "column": 4 }, "end": { "line": 61, "column": null } },
      "29": { "start": { "line": 63, "column": 4 }, "end": { "line": 66, "column": null } },
      "30": { "start": { "line": 64, "column": 6 }, "end": { "line": 64, "column": null } },
      "31": { "start": { "line": 65, "column": 6 }, "end": { "line": 65, "column": null } },
      "32": { "start": { "line": 66, "column": 6 }, "end": { "line": 66, "column": null } },
      "33": { "start": { "line": 70, "column": 2 }, "end": { "line": 88, "column": null } },
      "34": { "start": { "line": 71, "column": 51 }, "end": { "line": 71, "column": 70 } },
      "35": { "start": { "line": 73, "column": 60 }, "end": { "line": 73, "column": 102 } },
      "36": { "start": { "line": 95, "column": 27 }, "end": { "line": 95, "column": 65 } },
      "37": { "start": { "line": 97, "column": 2 }, "end": { "line": 99, "column": null } },
      "38": { "start": { "line": 98, "column": 4 }, "end": { "line": 98, "column": null } },
      "39": { "start": { "line": 101, "column": 2 }, "end": { "line": 107, "column": null } }
    },
    "fnMap": {
      "0": {
        "name": "AppContent",
        "decl": { "start": { "line": 15, "column": 9 }, "end": { "line": 15, "column": 20 } },
        "loc": { "start": { "line": 18, "column": 3 }, "end": { "line": 88, "column": null } },
        "line": 18
      },
      "1": {
        "name": "(anonymous_1)",
        "decl": { "start": { "line": 23, "column": 2 }, "end": { "line": 23, "column": 18 } },
        "loc": { "start": { "line": 23, "column": 18 }, "end": { "line": 68, "column": 6 } },
        "line": 23
      },
      "2": {
        "name": "(anonymous_2)",
        "decl": { "start": { "line": 24, "column": 10 }, "end": { "line": 24, "column": 28 } },
        "loc": { "start": { "line": 24, "column": 45 }, "end": { "line": 28, "column": null } },
        "line": 24
      },
      "3": {
        "name": "(anonymous_3)",
        "decl": { "start": { "line": 32, "column": 10 }, "end": { "line": 32, "column": 29 } },
        "loc": { "start": { "line": 32, "column": 46 }, "end": { "line": 37, "column": null } },
        "line": 32
      },
      "4": {
        "name": "(anonymous_4)",
        "decl": { "start": { "line": 41, "column": 23 }, "end": { "line": 41, "column": 30 } },
        "loc": { "start": { "line": 41, "column": 47 }, "end": { "line": 54, "column": null } },
        "line": 41
      },
      "5": {
        "name": "(anonymous_5)",
        "decl": { "start": { "line": 63, "column": 4 }, "end": { "line": 63, "column": 17 } },
        "loc": { "start": { "line": 63, "column": 17 }, "end": { "line": 66, "column": null } },
        "line": 63
      },
      "6": {
        "name": "(anonymous_6)",
        "decl": { "start": { "line": 71, "column": 32 }, "end": { "line": 71, "column": 51 } },
        "loc": { "start": { "line": 71, "column": 51 }, "end": { "line": 71, "column": 70 } },
        "line": 71
      },
      "7": {
        "name": "(anonymous_7)",
        "decl": { "start": { "line": 73, "column": 44 }, "end": { "line": 73, "column": 60 } },
        "loc": { "start": { "line": 73, "column": 60 }, "end": { "line": 73, "column": 102 } },
        "line": 73
      },
      "8": {
        "name": "App",
        "decl": { "start": { "line": 94, "column": 24 }, "end": { "line": 94, "column": 30 } },
        "loc": { "start": { "line": 94, "column": 30 }, "end": { "line": 107, "column": null } },
        "line": 94
      },
      "9": {
        "name": "(anonymous_9)",
        "decl": { "start": { "line": 97, "column": 2 }, "end": { "line": 97, "column": 18 } },
        "loc": { "start": { "line": 97, "column": 18 }, "end": { "line": 99, "column": 7 } },
        "line": 97
      }
    },
    "branchMap": {
      "0": {
        "loc": { "start": { "line": 27, "column": 6 }, "end": { "line": 28, "column": null } },
        "type": "if",
        "locations": [
          { "start": { "line": 27, "column": 6 }, "end": { "line": 28, "column": null } },
          { "start": {}, "end": {} }
        ],
        "line": 27
      },
      "1": {
        "loc": { "start": { "line": 36, "column": 6 }, "end": { "line": 37, "column": null } },
        "type": "if",
        "locations": [
          { "start": { "line": 36, "column": 6 }, "end": { "line": 37, "column": null } },
          { "start": {}, "end": {} }
        ],
        "line": 36
      },
      "2": {
        "loc": { "start": { "line": 36, "column": 10 }, "end": { "line": 36, "column": 91 } },
        "type": "binary-expr",
        "locations": [
          { "start": { "line": 36, "column": 10 }, "end": { "line": 36, "column": 39 } },
          { "start": { "line": 36, "column": 39 }, "end": { "line": 36, "column": 91 } }
        ],
        "line": 36
      },
      "3": {
        "loc": { "start": { "line": 47, "column": 6 }, "end": { "line": 54, "column": null } },
        "type": "if",
        "locations": [
          { "start": { "line": 47, "column": 6 }, "end": { "line": 54, "column": null } },
          { "start": {}, "end": {} }
        ],
        "line": 47
      },
      "4": {
        "loc": { "start": { "line": 47, "column": 10 }, "end": { "line": 47, "column": 37 } },
        "type": "binary-expr",
        "locations": [
          { "start": { "line": 47, "column": 10 }, "end": { "line": 47, "column": 19 } },
          { "start": { "line": 47, "column": 19 }, "end": { "line": 47, "column": 37 } }
        ],
        "line": 47
      },
      "5": {
        "loc": { "start": { "line": 72, "column": 7 }, "end": { "line": 72, "column": null } },
        "type": "binary-expr",
        "locations": [
          { "start": { "line": 72, "column": 7 }, "end": { "line": 72, "column": 21 } },
          { "start": { "line": 72, "column": 21 }, "end": { "line": 72, "column": null } }
        ],
        "line": 72
      },
      "6": {
        "loc": { "start": { "line": 77, "column": 22 }, "end": { "line": 77, "column": null } },
        "type": "cond-expr",
        "locations": [
          { "start": { "line": 77, "column": 41 }, "end": { "line": 77, "column": 76 } },
          { "start": { "line": 77, "column": 76 }, "end": { "line": 77, "column": null } }
        ],
        "line": 77
      }
    },
    "s": {
      "0": 0,
      "1": 0,
      "2": 0,
      "3": 0,
      "4": 0,
      "5": 0,
      "6": 0,
      "7": 0,
      "8": 0,
      "9": 0,
      "10": 0,
      "11": 0,
      "12": 0,
      "13": 0,
      "14": 0,
      "15": 0,
      "16": 0,
      "17": 0,
      "18": 0,
      "19": 0,
      "20": 0,
      "21": 0,
      "22": 0,
      "23": 0,
      "24": 0,
      "25": 0,
      "26": 0,
      "27": 0,
      "28": 0,
      "29": 0,
      "30": 0,
      "31": 0,
      "32": 0,
      "33": 0,
      "34": 0,
      "35": 0,
      "36": 0,
      "37": 0,
      "38": 0,
      "39": 0
    },
    "f": { "0": 0, "1": 0, "2": 0, "3": 0, "4": 0, "5": 0, "6": 0, "7": 0, "8": 0, "9": 0 },
    "b": {
      "0": [0, 0],
      "1": [0, 0],
      "2": [0, 0],
      "3": [0, 0],
      "4": [0, 0],
      "5": [0, 0],
      "6": [0, 0]
    },
    "meta": {
      "lastBranch": 7,
      "lastFunction": 10,
      "lastStatement": 40,
      "seen": {
        "f:15:9:15:20": 0,
        "s:19:8:19:32": 0,
        "s:20:21:20:53": 1,
        "s:21:22:21:61": 2,
        "s:23:2:68:Infinity": 3,
        "f:23:2:23:18": 1,
        "s:24:10:28:Infinity": 4,
        "f:24:10:24:28": 2,
        "s:25:6:25:Infinity": 5,
        "s:26:6:26:Infinity": 6,
        "b:27:6:28:Infinity:undefined:undefined:undefined:undefined": 0,
        "s:27:6:28:Infinity": 7,
        "s:28:8:28:Infinity": 8,
        "s:32:10:37:Infinity": 9,
        "f:32:10:32:29": 3,
        "s:33:6:33:Infinity": 10,
        "s:34:6:34:Infinity": 11,
        "b:36:6:37:Infinity:undefined:undefined:undefined:undefined": 1,
        "s:36:6:37:Infinity": 12,
        "b:36:10:36:39:36:39:36:91": 2,
        "s:37:9:37:Infinity": 13,
        "s:41:23:54:Infinity": 14,
        "f:41:23:41:30": 4,
        "s:42:6:42:Infinity": 15,
        "s:43:6:43:Infinity": 16,
        "s:44:6:44:Infinity": 17,
        "s:46:20:46:Infinity": 18,
        "b:47:6:54:Infinity:undefined:undefined:undefined:undefined": 3,
        "s:47:6:54:Infinity": 19,
        "b:47:10:47:19:47:19:47:37": 4,
        "s:48:8:54:Infinity": 20,
        "s:49:34:49:67": 21,
        "s:50:10:50:Infinity": 22,
        "s:51:10:51:Infinity": 23,
        "s:52:10:52:Infinity": 24,
        "s:54:10:54:Infinity": 25,
        "s:59:4:59:Infinity": 26,
        "s:60:4:60:Infinity": 27,
        "s:61:4:61:Infinity": 28,
        "s:63:4:66:Infinity": 29,
        "f:63:4:63:17": 5,
        "s:64:6:64:Infinity": 30,
        "s:65:6:65:Infinity": 31,
        "s:66:6:66:Infinity": 32,
        "s:70:2:88:Infinity": 33,
        "f:71:32:71:51": 6,
        "s:71:51:71:70": 34,
        "b:72:7:72:21:72:21:72:Infinity": 5,
        "f:73:44:73:60": 7,
        "s:73:60:73:102": 35,
        "b:77:41:77:76:77:76:77:Infinity": 6,
        "f:94:24:94:30": 8,
        "s:95:27:95:65": 36,
        "s:97:2:99:Infinity": 37,
        "f:97:2:97:18": 9,
        "s:98:4:98:Infinity": 38,
        "s:101:2:107:Infinity": 39
      }
    }
  },
  "G:\\AI agent\\src\\main.tsx": {
    "path": "G:\\AI agent\\src\\main.tsx",
    "statementMap": {
      "0": { "start": { "line": 6, "column": 0 }, "end": { "line": 10, "column": null } }
    },
    "fnMap": {},
    "branchMap": {},
    "s": { "0": 0 },
    "f": {},
    "b": {},
    "meta": {
      "lastBranch": 0,
      "lastFunction": 0,
      "lastStatement": 1,
      "seen": { "s:6:0:10:Infinity": 0 }
    }
  },
  "G:\\AI agent\\src\\components\\Assessment\\AssessmentModal.tsx": {
    "path": "G:\\AI agent\\src\\components\\Assessment\\AssessmentModal.tsx",
    "statementMap": {
      "0": { "start": { "line": 20, "column": 26 }, "end": { "line": 20, "column": 72 } },
      "1": { "start": { "line": 22, "column": 15 }, "end": { "line": 22, "column": 49 } },
      "2": { "start": { "line": 23, "column": 27 }, "end": { "line": 23, "column": 80 } },
      "3": { "start": { "line": 24, "column": 24 }, "end": { "line": 24, "column": 55 } },
      "4": { "start": { "line": 25, "column": 23 }, "end": { "line": 25, "column": 117 } },
      "5": { "start": { "line": 26, "column": 23 }, "end": { "line": 26, "column": 57 } },
      "6": { "start": { "line": 27, "column": 25 }, "end": { "line": 27, "column": 61 } },
      "7": { "start": { "line": 29, "column": 20 }, "end": { "line": 29, "column": 64 } },
      "8": { "start": { "line": 30, "column": 23 }, "end": { "line": 30, "column": 53 } },
      "9": { "start": { "line": 31, "column": 21 }, "end": { "line": 31, "column": 50 } },
      "10": { "start": { "line": 32, "column": 27 }, "end": { "line": 32, "column": 77 } },
      "11": { "start": { "line": 33, "column": 25 }, "end": { "line": 40, "column": 10 } },
      "12": { "start": { "line": 41, "column": 22 }, "end": { "line": 41, "column": 96 } },
      "13": { "start": { "line": 42, "column": 16 }, "end": { "line": 42, "column": 57 } },
      "14": { "start": { "line": 44, "column": 18 }, "end": { "line": 48, "column": null } },
      "15": { "start": { "line": 50, "column": 2 }, "end": { "line": 59, "column": null } },
      "16": { "start": { "line": 51, "column": 4 }, "end": { "line": 57, "column": null } },
      "17": { "start": { "line": 52, "column": 6 }, "end": { "line": 52, "column": null } },
      "18": { "start": { "line": 53, "column": 6 }, "end": { "line": 53, "column": null } },
      "19": { "start": { "line": 54, "column": 6 }, "end": { "line": 54, "column": null } },
      "20": { "start": { "line": 55, "column": 6 }, "end": { "line": 55, "column": null } },
      "21": { "start": { "line": 56, "column": 6 }, "end": { "line": 56, "column": null } },
      "22": { "start": { "line": 57, "column": 6 }, "end": { "line": 57, "column": null } },
      "23": { "start": { "line": 61, "column": 35 }, "end": { "line": 71, "column": null } },
      "24": { "start": { "line": 62, "column": 4 }, "end": { "line": 62, "column": null } },
      "25": { "start": { "line": 62, "column": 34 }, "end": { "line": 62, "column": null } },
      "26": { "start": { "line": 63, "column": 4 }, "end": { "line": 63, "column": null } },
      "27": { "start": { "line": 64, "column": 4 }, "end": { "line": 71, "column": null } },
      "28": { "start": { "line": 65, "column": 24 }, "end": { "line": 65, "column": null } },
      "29": { "start": { "line": 66, "column": 24 }, "end": { "line": 66, "column": 91 } },
      "30": { "start": { "line": 67, "column": 6 }, "end": { "line": 67, "column": null } },
      "31": { "start": { "line": 69, "column": 6 }, "end": { "line": 69, "column": null } },
      "32": { "start": { "line": 71, "column": 6 }, "end": { "line": 71, "column": null } },
      "33": { "start": { "line": 75, "column": 25 }, "end": { "line": 91, "column": null } },
      "34": { "start": { "line": 76, "column": 4 }, "end": { "line": 76, "column": null } },
      "35": { "start": { "line": 77, "column": 4 }, "end": { "line": 77, "column": null } },
      "36": { "start": { "line": 78, "column": 4 }, "end": { "line": 91, "column": null } },
      "37": { "start": { "line": 79, "column": 21 }, "end": { "line": 84, "column": null } },
      "38": { "start": { "line": 86, "column": 6 }, "end": { "line": 86, "column": null } },
      "39": { "start": { "line": 87, "column": 6 }, "end": { "line": 87, "column": null } },
      "40": { "start": { "line": 88, "column": 6 }, "end": { "line": 88, "column": null } },
      "41": { "start": { "line": 90, "column": 6 }, "end": { "line": 90, "column": null } },
      "42": { "start": { "line": 91, "column": 6 }, "end": { "line": 91, "column": null } },
      "43": { "start": { "line": 95, "column": 35 }, "end": { "line": 116, "column": null } },
      "44": { "start": { "line": 96, "column": 21 }, "end": { "line": 96, "column": null } },
      "45": { "start": { "line": 97, "column": 4 }, "end": { "line": 97, "column": null } },
      "46": { "start": { "line": 97, "column": 37 }, "end": { "line": 97, "column": null } },
      "47": { "start": { "line": 99, "column": 4 }, "end": { "line": 99, "column": null } },
      "48": { "start": { "line": 100, "column": 4 }, "end": { "line": 116, "column": null } },
      "49": { "start": { "line": 101, "column": 19 }, "end": { "line": 106, "column": null } },
      "50": { "start": { "line": 109, "column": 27 }, "end": { "line": 109, "column": 41 } },
      "51": { "start": { "line": 110, "column": 6 }, "end": { "line": 110, "column": null } },
      "52": { "start": { "line": 111, "column": 6 }, "end": { "line": 111, "column": null } },
      "53": { "start": { "line": 112, "column": 6 }, "end": { "line": 112, "column": null } },
      "54": { "start": { "line": 114, "column": 6 }, "end": { "line": 114, "column": null } },
      "55": { "start": { "line": 116, "column": 6 }, "end": { "line": 116, "column": null } },
      "56": { "start": { "line": 120, "column": 8 }, "end": { "line": 138, "column": null } },
      "57": { "start": { "line": 121, "column": 21 }, "end": { "line": 121, "column": null } },
      "58": { "start": { "line": 124, "column": 4 }, "end": { "line": 132, "column": null } },
      "59": { "start": { "line": 124, "column": 30 }, "end": { "line": 132, "column": 6 } },
      "60": { "start": { "line": 134, "column": 4 }, "end": { "line": 138, "column": null } },
      "61": { "start": { "line": 135, "column": 6 }, "end": { "line": 135, "column": null } },
      "62": { "start": { "line": 136, "column": 6 }, "end": { "line": 136, "column": null } },
      "63": { "start": { "line": 138, "column": 6 }, "end": { "line": 138, "column": null } },
      "64": { "start": { "line": 142, "column": 29 }, "end": { "line": 227, "column": null } },
      "65": { "start": { "line": 143, "column": 21 }, "end": { "line": 143, "column": null } },
      "66": { "start": { "line": 144, "column": 4 }, "end": { "line": 144, "column": null } },
      "67": { "start": { "line": 144, "column": 41 }, "end": { "line": 144, "column": null } },
      "68": { "start": { "line": 146, "column": 4 }, "end": { "line": 146, "column": null } },
      "69": { "start": { "line": 147, "column": 4 }, "end": { "line": 227, "column": null } },
      "70": { "start": { "line": 150, "column": 6 }, "end": { "line": 198, "column": null } },
      "71": { "start": { "line": 152, "column": 8 }, "end": { "line": 158, "column": null } },
      "72": { "start": { "line": 161, "column": 28 }, "end": { "line": 161, "column": 59 } },
      "73": { "start": { "line": 162, "column": 14 }, "end": { "line": 162, "column": 80 } },
      "74": { "start": { "line": 165, "column": 53 }, "end": { "line": 168, "column": null } },
      "75": { "start": { "line": 170, "column": 14 }, "end": { "line": 176, "column": null } },
      "76": { "start": { "line": 171, "column": 12 }, "end": { "line": 174, "column": null } },
      "77": { "start": { "line": 172, "column": 16 }, "end": { "line": 172, "column": null } },
      "78": { "start": { "line": 172, "column": 73 }, "end": { "line": 172, "column": null } },
      "79": { "start": { "line": 173, "column": 16 }, "end": { "line": 173, "column": null } },
      "80": { "start": { "line": 173, "column": 63 }, "end": { "line": 173, "column": null } },
      "81": { "start": { "line": 174, "column": 16 }, "end": { "line": 174, "column": null } },
      "82": { "start": { "line": 174, "column": 63 }, "end": { "line": 174, "column": null } },
      "83": { "start": { "line": 176, "column": 12 }, "end": { "line": 176, "column": null } },
      "84": { "start": { "line": 180, "column": 31 }, "end": { "line": 180, "column": null } },
      "85": { "start": { "line": 181, "column": 28 }, "end": { "line": 181, "column": 102 } },
      "86": { "start": { "line": 182, "column": 30 }, "end": { "line": 185, "column": null } },
      "87": { "start": { "line": 183, "column": 26 }, "end": { "line": 183, "column": 69 } },
      "88": { "start": { "line": 184, "column": 12 }, "end": { "line": 184, "column": null } },
      "89": { "start": { "line": 187, "column": 26 }, "end": { "line": 187, "column": null } },
      "90": { "start": { "line": 188, "column": 8 }, "end": { "line": 188, "column": null } },
      "91": { "start": { "line": 191, "column": 8 }, "end": { "line": 198, "column": null } },
      "92": { "start": { "line": 191, "column": 34 }, "end": { "line": 198, "column": 10 } },
      "93": { "start": { "line": 202, "column": 6 }, "end": { "line": 210, "column": null } },
      "94": { "start": { "line": 203, "column": 10 }, "end": { "line": 210, "column": null } },
      "95": { "start": { "line": 203, "column": 36 }, "end": { "line": 210, "column": 12 } },
      "96": { "start": { "line": 213, "column": 27 }, "end": { "line": 213, "column": 58 } },
      "97": { "start": { "line": 214, "column": 6 }, "end": { "line": 214, "column": null } },
      "98": { "start": { "line": 216, "column": 6 }, "end": { "line": 223, "column": null } },
      "99": { "start": { "line": 218, "column": 8 }, "end": { "line": 218, "column": null } },
      "100": { "start": { "line": 219, "column": 8 }, "end": { "line": 219, "column": null } },
      "101": { "start": { "line": 220, "column": 8 }, "end": { "line": 220, "column": null } },
      "102": { "start": { "line": 223, "column": 8 }, "end": { "line": 223, "column": null } },
      "103": { "start": { "line": 226, "column": 6 }, "end": { "line": 226, "column": null } },
      "104": { "start": { "line": 227, "column": 6 }, "end": { "line": 227, "column": null } },
      "105": { "start": { "line": 231, "column": 8 }, "end": { "line": 256, "column": null } },
      "106": { "start": { "line": 233, "column": 8 }, "end": { "line": 233, "column": null } },
      "107": { "start": { "line": 235, "column": 19 }, "end": { "line": 235, "column": null } },
      "108": { "start": { "line": 236, "column": 20 }, "end": { "line": 236, "column": null } },
      "109": { "start": { "line": 238, "column": 27 }, "end": { "line": 238, "column": null } },
      "110": { "start": { "line": 239, "column": 29 }, "end": { "line": 239, "column": null } },
      "111": { "start": { "line": 243, "column": 4 }, "end": { "line": 252, "column": null } },
      "112": { "start": { "line": 244, "column": 39 }, "end": { "line": 247, "column": null } },
      "113": { "start": { "line": 249, "column": 6 }, "end": { "line": 249, "column": null } },
      "114": { "start": { "line": 250, "column": 6 }, "end": { "line": 250, "column": null } },
      "115": { "start": { "line": 251, "column": 6 }, "end": { "line": 251, "column": null } },
      "116": { "start": { "line": 251, "column": 21 }, "end": { "line": 251, "column": null } },
      "117": { "start": { "line": 254, "column": 4 }, "end": { "line": 254, "column": null } },
      "118": { "start": { "line": 255, "column": 4 }, "end": { "line": 255, "column": null } },
      "119": { "start": { "line": 256, "column": 4 }, "end": { "line": 256, "column": null } },
      "120": { "start": { "line": 259, "column": 8 }, "end": { "line": 263, "column": null } },
      "121": { "start": { "line": 260, "column": 4 }, "end": { "line": 263, "column": null } },
      "122": { "start": { "line": 261, "column": 6 }, "end": { "line": 261, "column": null } },
      "123": { "start": { "line": 261, "column": 47 }, "end": { "line": 261, "column": 58 } },
      "124": { "start": { "line": 263, "column": 6 }, "end": { "line": 263, "column": null } },
      "125": { "start": { "line": 267, "column": 2 }, "end": { "line": 267, "column": null } },
      "126": { "start": { "line": 267, "column": 15 }, "end": { "line": 267, "column": null } },
      "127": { "start": { "line": 269, "column": 2 }, "end": { "line": 576, "column": null } },
      "128": { "start": { "line": 290, "column": 35 }, "end": { "line": 290, "column": null } },
      "129": { "start": { "line": 302, "column": 18 }, "end": { "line": 308, "column": null } },
      "130": { "start": { "line": 305, "column": 35 }, "end": { "line": 305, "column": 64 } },
      "131": { "start": { "line": 319, "column": 33 }, "end": { "line": 319, "column": 52 } },
      "132": { "start": { "line": 326, "column": 33 }, "end": { "line": 326, "column": 56 } },
      "133": { "start": { "line": 333, "column": 33 }, "end": { "line": 333, "column": 53 } },
      "134": { "start": { "line": 340, "column": 33 }, "end": { "line": 340, "column": 56 } },
      "135": { "start": { "line": 356, "column": 39 }, "end": { "line": 356, "column": 84 } },
      "136": { "start": { "line": 365, "column": 41 }, "end": { "line": 365, "column": 83 } },
      "137": { "start": { "line": 416, "column": 37 }, "end": { "line": 416, "column": 66 } },
      "138": { "start": { "line": 422, "column": 22 }, "end": { "line": 429, "column": null } },
      "139": { "start": { "line": 425, "column": 39 }, "end": { "line": 425, "column": 57 } },
      "140": { "start": { "line": 435, "column": 22 }, "end": { "line": 441, "column": null } },
      "141": { "start": { "line": 438, "column": 39 }, "end": { "line": 438, "column": 57 } },
      "142": { "start": { "line": 507, "column": 45 }, "end": { "line": 509, "column": null } },
      "143": { "start": { "line": 508, "column": 71 }, "end": { "line": 508, "column": 124 } },
      "144": { "start": { "line": 510, "column": 42 }, "end": { "line": 510, "column": null } },
      "145": { "start": { "line": 511, "column": 28 }, "end": { "line": 520, "column": null } },
      "146": { "start": { "line": 526, "column": 45 }, "end": { "line": 526, "column": 59 } },
      "147": { "start": { "line": 530, "column": 78 }, "end": { "line": 530, "column": 92 } },
      "148": { "start": { "line": 530, "column": 103 }, "end": { "line": 530, "column": 117 } },
      "149": { "start": { "line": 531, "column": 32 }, "end": { "line": 531, "column": null } },
      "150": { "start": { "line": 541, "column": 28 }, "end": { "line": 563, "column": null } },
      "151": { "start": { "line": 571, "column": 61 }, "end": { "line": 571, "column": 77 } },
      "152": { "start": { "line": 581, "column": 21 }, "end": { "line": 581, "column": 44 } },
      "153": { "start": { "line": 582, "column": 19 }, "end": { "line": 582, "column": null } },
      "154": { "start": { "line": 583, "column": 2 }, "end": { "line": 584, "column": null } },
      "155": { "start": { "line": 583, "column": 20 }, "end": { "line": 583, "column": null } },
      "156": { "start": { "line": 584, "column": 11 }, "end": { "line": 584, "column": null } },
      "157": { "start": { "line": 584, "column": 25 }, "end": { "line": 584, "column": null } },
      "158": { "start": { "line": 586, "column": 2 }, "end": { "line": 592, "column": null } }
    },
    "fnMap": {
      "0": {
        "name": "AssessmentModal",
        "decl": { "start": { "line": 19, "column": 24 }, "end": { "line": 19, "column": 40 } },
        "loc": { "start": { "line": 19, "column": 102 }, "end": { "line": 576, "column": null } },
        "line": 19
      },
      "1": {
        "name": "(anonymous_1)",
        "decl": { "start": { "line": 50, "column": 2 }, "end": { "line": 50, "column": 18 } },
        "loc": { "start": { "line": 50, "column": 18 }, "end": { "line": 59, "column": 6 } },
        "line": 50
      },
      "2": {
        "name": "(anonymous_2)",
        "decl": { "start": { "line": 61, "column": 35 }, "end": { "line": 61, "column": 47 } },
        "loc": { "start": { "line": 61, "column": 47 }, "end": { "line": 71, "column": null } },
        "line": 61
      },
      "3": {
        "name": "(anonymous_3)",
        "decl": { "start": { "line": 75, "column": 25 }, "end": { "line": 75, "column": 37 } },
        "loc": { "start": { "line": 75, "column": 37 }, "end": { "line": 91, "column": null } },
        "line": 75
      },
      "4": {
        "name": "(anonymous_4)",
        "decl": { "start": { "line": 95, "column": 35 }, "end": { "line": 95, "column": 47 } },
        "loc": { "start": { "line": 95, "column": 47 }, "end": { "line": 116, "column": null } },
        "line": 95
      },
      "5": {
        "name": "(anonymous_5)",
        "decl": { "start": { "line": 120, "column": 8 }, "end": { "line": 120, "column": 35 } },
        "loc": { "start": { "line": 120, "column": 35 }, "end": { "line": 138, "column": null } },
        "line": 120
      },
      "6": {
        "name": "(anonymous_6)",
        "decl": { "start": { "line": 124, "column": 4 }, "end": { "line": 124, "column": 22 } },
        "loc": { "start": { "line": 124, "column": 30 }, "end": { "line": 132, "column": 6 } },
        "line": 124
      },
      "7": {
        "name": "(anonymous_7)",
        "decl": { "start": { "line": 142, "column": 29 }, "end": { "line": 142, "column": 41 } },
        "loc": { "start": { "line": 142, "column": 41 }, "end": { "line": 227, "column": null } },
        "line": 142
      },
      "8": {
        "name": "(anonymous_8)",
        "decl": { "start": { "line": 170, "column": 14 }, "end": { "line": 170, "column": 32 } },
        "loc": { "start": { "line": 170, "column": 66 }, "end": { "line": 176, "column": null } },
        "line": 170
      },
      "9": {
        "name": "(anonymous_9)",
        "decl": { "start": { "line": 182, "column": 78 }, "end": { "line": 182, "column": 84 } },
        "loc": { "start": { "line": 182, "column": 97 }, "end": { "line": 185, "column": null } },
        "line": 182
      },
      "10": {
        "name": "(anonymous_10)",
        "decl": { "start": { "line": 191, "column": 8 }, "end": { "line": 191, "column": 26 } },
        "loc": { "start": { "line": 191, "column": 34 }, "end": { "line": 198, "column": 10 } },
        "line": 191
      },
      "11": {
        "name": "(anonymous_11)",
        "decl": { "start": { "line": 203, "column": 10 }, "end": { "line": 203, "column": 28 } },
        "loc": { "start": { "line": 203, "column": 36 }, "end": { "line": 210, "column": 12 } },
        "line": 203
      },
      "12": {
        "name": "(anonymous_12)",
        "decl": { "start": { "line": 231, "column": 8 }, "end": { "line": 231, "column": 27 } },
        "loc": { "start": { "line": 231, "column": 56 }, "end": { "line": 256, "column": null } },
        "line": 231
      },
      "13": {
        "name": "(anonymous_13)",
        "decl": { "start": { "line": 243, "column": 14 }, "end": { "line": 243, "column": 23 } },
        "loc": { "start": { "line": 243, "column": 35 }, "end": { "line": 252, "column": null } },
        "line": 243
      },
      "14": {
        "name": "(anonymous_14)",
        "decl": { "start": { "line": 259, "column": 8 }, "end": { "line": 259, "column": 22 } },
        "loc": { "start": { "line": 259, "column": 36 }, "end": { "line": 263, "column": null } },
        "line": 259
      },
      "15": {
        "name": "(anonymous_15)",
        "decl": { "start": { "line": 261, "column": 35 }, "end": { "line": 261, "column": 42 } },
        "loc": { "start": { "line": 261, "column": 47 }, "end": { "line": 261, "column": 58 } },
        "line": 261
      },
      "16": {
        "name": "(anonymous_16)",
        "decl": { "start": { "line": 290, "column": 18 }, "end": { "line": 290, "column": 29 } },
        "loc": { "start": { "line": 290, "column": 35 }, "end": { "line": 290, "column": null } },
        "line": 290
      },
      "17": {
        "name": "(anonymous_17)",
        "decl": { "start": { "line": 301, "column": 25 }, "end": { "line": 301, "column": 29 } },
        "loc": { "start": { "line": 302, "column": 18 }, "end": { "line": 308, "column": null } },
        "line": 302
      },
      "18": {
        "name": "(anonymous_18)",
        "decl": { "start": { "line": 305, "column": 20 }, "end": { "line": 305, "column": 35 } },
        "loc": { "start": { "line": 305, "column": 35 }, "end": { "line": 305, "column": 64 } },
        "line": 305
      },
      "19": {
        "name": "(anonymous_19)",
        "decl": { "start": { "line": 319, "column": 18 }, "end": { "line": 319, "column": 33 } },
        "loc": { "start": { "line": 319, "column": 33 }, "end": { "line": 319, "column": 52 } },
        "line": 319
      },
      "20": {
        "name": "(anonymous_20)",
        "decl": { "start": { "line": 326, "column": 18 }, "end": { "line": 326, "column": 33 } },
        "loc": { "start": { "line": 326, "column": 33 }, "end": { "line": 326, "column": 56 } },
        "line": 326
      },
      "21": {
        "name": "(anonymous_21)",
        "decl": { "start": { "line": 333, "column": 18 }, "end": { "line": 333, "column": 33 } },
        "loc": { "start": { "line": 333, "column": 33 }, "end": { "line": 333, "column": 53 } },
        "line": 333
      },
      "22": {
        "name": "(anonymous_22)",
        "decl": { "start": { "line": 340, "column": 18 }, "end": { "line": 340, "column": 33 } },
        "loc": { "start": { "line": 340, "column": 33 }, "end": { "line": 340, "column": 56 } },
        "line": 340
      },
      "23": {
        "name": "(anonymous_23)",
        "decl": { "start": { "line": 356, "column": 24 }, "end": { "line": 356, "column": 39 } },
        "loc": { "start": { "line": 356, "column": 39 }, "end": { "line": 356, "column": 84 } },
        "line": 356
      },
      "24": {
        "name": "(anonymous_24)",
        "decl": { "start": { "line": 365, "column": 24 }, "end": { "line": 365, "column": 35 } },
        "loc": { "start": { "line": 365, "column": 41 }, "end": { "line": 365, "column": 83 } },
        "line": 365
      },
      "25": {
        "name": "(anonymous_25)",
        "decl": { "start": { "line": 416, "column": 20 }, "end": { "line": 416, "column": 31 } },
        "loc": { "start": { "line": 416, "column": 37 }, "end": { "line": 416, "column": 66 } },
        "line": 416
      },
      "26": {
        "name": "(anonymous_26)",
        "decl": { "start": { "line": 421, "column": 54 }, "end": { "line": 421, "column": 59 } },
        "loc": { "start": { "line": 422, "column": 22 }, "end": { "line": 429, "column": null } },
        "line": 422
      },
      "27": {
        "name": "(anonymous_27)",
        "decl": { "start": { "line": 425, "column": 24 }, "end": { "line": 425, "column": 39 } },
        "loc": { "start": { "line": 425, "column": 39 }, "end": { "line": 425, "column": 57 } },
        "line": 425
      },
      "28": {
        "name": "(anonymous_28)",
        "decl": { "start": { "line": 434, "column": 34 }, "end": { "line": 434, "column": 39 } },
        "loc": { "start": { "line": 435, "column": 22 }, "end": { "line": 441, "column": null } },
        "line": 435
      },
      "29": {
        "name": "(anonymous_29)",
        "decl": { "start": { "line": 438, "column": 24 }, "end": { "line": 438, "column": 39 } },
        "loc": { "start": { "line": 438, "column": 39 }, "end": { "line": 438, "column": 57 } },
        "line": 438
      },
      "30": {
        "name": "(anonymous_30)",
        "decl": { "start": { "line": 506, "column": 80 }, "end": { "line": 506, "column": 84 } },
        "loc": { "start": { "line": 506, "column": 91 }, "end": { "line": 520, "column": null } },
        "line": 506
      },
      "31": {
        "name": "(anonymous_31)",
        "decl": { "start": { "line": 508, "column": 51 }, "end": { "line": 508, "column": 59 } },
        "loc": { "start": { "line": 508, "column": 71 }, "end": { "line": 508, "column": 124 } },
        "line": 508
      },
      "32": {
        "name": "(anonymous_32)",
        "decl": { "start": { "line": 526, "column": 34 }, "end": { "line": 526, "column": 39 } },
        "loc": { "start": { "line": 526, "column": 45 }, "end": { "line": 526, "column": 59 } },
        "line": 526
      },
      "33": {
        "name": "(anonymous_33)",
        "decl": { "start": { "line": 530, "column": 65 }, "end": { "line": 530, "column": 72 } },
        "loc": { "start": { "line": 530, "column": 78 }, "end": { "line": 530, "column": 92 } },
        "line": 530
      },
      "34": {
        "name": "(anonymous_34)",
        "decl": { "start": { "line": 530, "column": 93 }, "end": { "line": 530, "column": 97 } },
        "loc": { "start": { "line": 530, "column": 103 }, "end": { "line": 530, "column": 117 } },
        "line": 530
      },
      "35": {
        "name": "(anonymous_35)",
        "decl": { "start": { "line": 530, "column": 120 }, "end": { "line": 530, "column": 125 } },
        "loc": { "start": { "line": 531, "column": 32 }, "end": { "line": 531, "column": null } },
        "line": 531
      },
      "36": {
        "name": "(anonymous_36)",
        "decl": { "start": { "line": 540, "column": 40 }, "end": { "line": 540, "column": 45 } },
        "loc": { "start": { "line": 541, "column": 28 }, "end": { "line": 563, "column": null } },
        "line": 541
      },
      "37": {
        "name": "(anonymous_37)",
        "decl": { "start": { "line": 571, "column": 46 }, "end": { "line": 571, "column": 61 } },
        "loc": { "start": { "line": 571, "column": 61 }, "end": { "line": 571, "column": 77 } },
        "line": 571
      },
      "38": {
        "name": "EvidenceItem",
        "decl": { "start": { "line": 580, "column": 9 }, "end": { "line": 580, "column": 22 } },
        "loc": { "start": { "line": 580, "column": 74 }, "end": { "line": 592, "column": null } },
        "line": 580
      }
    },
    "branchMap": {
      "0": {
        "loc": { "start": { "line": 51, "column": 4 }, "end": { "line": 57, "column": null } },
        "type": "if",
        "locations": [
          { "start": { "line": 51, "column": 4 }, "end": { "line": 57, "column": null } },
          { "start": {}, "end": {} }
        ],
        "line": 51
      },
      "1": {
        "loc": { "start": { "line": 62, "column": 4 }, "end": { "line": 62, "column": null } },
        "type": "if",
        "locations": [
          { "start": { "line": 62, "column": 4 }, "end": { "line": 62, "column": null } },
          { "start": {}, "end": {} }
        ],
        "line": 62
      },
      "2": {
        "loc": { "start": { "line": 83, "column": 8 }, "end": { "line": 83, "column": null } },
        "type": "cond-expr",
        "locations": [
          { "start": { "line": 83, "column": 30 }, "end": { "line": 83, "column": 42 } },
          { "start": { "line": 83, "column": 42 }, "end": { "line": 83, "column": null } }
        ],
        "line": 83
      },
      "3": {
        "loc": { "start": { "line": 84, "column": 8 }, "end": { "line": 84, "column": null } },
        "type": "cond-expr",
        "locations": [
          { "start": { "line": 84, "column": 36 }, "end": { "line": 84, "column": 48 } },
          { "start": { "line": 84, "column": 48 }, "end": { "line": 84, "column": null } }
        ],
        "line": 84
      },
      "4": {
        "loc": { "start": { "line": 90, "column": 15 }, "end": { "line": 90, "column": 39 } },
        "type": "binary-expr",
        "locations": [
          { "start": { "line": 90, "column": 15 }, "end": { "line": 90, "column": 30 } },
          { "start": { "line": 90, "column": 30 }, "end": { "line": 90, "column": 39 } }
        ],
        "line": 90
      },
      "5": {
        "loc": { "start": { "line": 97, "column": 4 }, "end": { "line": 97, "column": null } },
        "type": "if",
        "locations": [
          { "start": { "line": 97, "column": 4 }, "end": { "line": 97, "column": null } },
          { "start": {}, "end": {} }
        ],
        "line": 97
      },
      "6": {
        "loc": { "start": { "line": 97, "column": 8 }, "end": { "line": 97, "column": 37 } },
        "type": "binary-expr",
        "locations": [
          { "start": { "line": 97, "column": 8 }, "end": { "line": 97, "column": 21 } },
          { "start": { "line": 97, "column": 21 }, "end": { "line": 97, "column": 37 } }
        ],
        "line": 97
      },
      "7": {
        "loc": { "start": { "line": 106, "column": 8 }, "end": { "line": 106, "column": null } },
        "type": "cond-expr",
        "locations": [
          { "start": { "line": 106, "column": 36 }, "end": { "line": 106, "column": 75 } },
          { "start": { "line": 106, "column": 75 }, "end": { "line": 106, "column": null } }
        ],
        "line": 106
      },
      "8": {
        "loc": { "start": { "line": 128, "column": 21 }, "end": { "line": 128, "column": null } },
        "type": "binary-expr",
        "locations": [
          { "start": { "line": 128, "column": 21 }, "end": { "line": 128, "column": 48 } },
          { "start": { "line": 128, "column": 48 }, "end": { "line": 128, "column": null } }
        ],
        "line": 128
      },
      "9": {
        "loc": { "start": { "line": 128, "column": 48 }, "end": { "line": 128, "column": null } },
        "type": "cond-expr",
        "locations": [
          { "start": { "line": 128, "column": 80 }, "end": { "line": 128, "column": 90 } },
          { "start": { "line": 128, "column": 90 }, "end": { "line": 128, "column": null } }
        ],
        "line": 128
      },
      "10": {
        "loc": { "start": { "line": 134, "column": 4 }, "end": { "line": 138, "column": null } },
        "type": "if",
        "locations": [
          { "start": { "line": 134, "column": 4 }, "end": { "line": 138, "column": null } },
          { "start": { "line": 137, "column": 11 }, "end": { "line": 138, "column": null } }
        ],
        "line": 134
      },
      "11": {
        "loc": { "start": { "line": 144, "column": 4 }, "end": { "line": 144, "column": null } },
        "type": "if",
        "locations": [
          { "start": { "line": 144, "column": 4 }, "end": { "line": 144, "column": null } },
          { "start": {}, "end": {} }
        ],
        "line": 144
      },
      "12": {
        "loc": { "start": { "line": 144, "column": 8 }, "end": { "line": 144, "column": 39 } },
        "type": "binary-expr",
        "locations": [
          { "start": { "line": 144, "column": 8 }, "end": { "line": 144, "column": 21 } },
          { "start": { "line": 144, "column": 21 }, "end": { "line": 144, "column": 39 } }
        ],
        "line": 144
      },
      "13": {
        "loc": { "start": { "line": 150, "column": 6 }, "end": { "line": 198, "column": null } },
        "type": "if",
        "locations": [
          { "start": { "line": 150, "column": 6 }, "end": { "line": 198, "column": null } },
          { "start": { "line": 159, "column": 13 }, "end": { "line": 198, "column": null } }
        ],
        "line": 150
      },
      "14": {
        "loc": { "start": { "line": 154, "column": 10 }, "end": { "line": 154, "column": null } },
        "type": "binary-expr",
        "locations": [
          { "start": { "line": 154, "column": 10 }, "end": { "line": 154, "column": 30 } },
          { "start": { "line": 154, "column": 30 }, "end": { "line": 154, "column": null } }
        ],
        "line": 154
      },
      "15": {
        "loc": { "start": { "line": 156, "column": 10 }, "end": { "line": 156, "column": null } },
        "type": "binary-expr",
        "locations": [
          { "start": { "line": 156, "column": 10 }, "end": { "line": 156, "column": 38 } },
          { "start": { "line": 156, "column": 38 }, "end": { "line": 156, "column": null } }
        ],
        "line": 156
      },
      "16": {
        "loc": { "start": { "line": 162, "column": 30 }, "end": { "line": 162, "column": 60 } },
        "type": "binary-expr",
        "locations": [
          { "start": { "line": 162, "column": 30 }, "end": { "line": 162, "column": 56 } },
          { "start": { "line": 162, "column": 56 }, "end": { "line": 162, "column": 60 } }
        ],
        "line": 162
      },
      "17": {
        "loc": { "start": { "line": 172, "column": 16 }, "end": { "line": 172, "column": null } },
        "type": "if",
        "locations": [
          { "start": { "line": 172, "column": 16 }, "end": { "line": 172, "column": null } },
          { "start": {}, "end": {} }
        ],
        "line": 172
      },
      "18": {
        "loc": { "start": { "line": 172, "column": 20 }, "end": { "line": 172, "column": 71 } },
        "type": "binary-expr",
        "locations": [
          { "start": { "line": 172, "column": 20 }, "end": { "line": 172, "column": 43 } },
          { "start": { "line": 172, "column": 47 }, "end": { "line": 172, "column": 71 } }
        ],
        "line": 172
      },
      "19": {
        "loc": { "start": { "line": 173, "column": 16 }, "end": { "line": 173, "column": null } },
        "type": "if",
        "locations": [
          { "start": { "line": 173, "column": 16 }, "end": { "line": 173, "column": null } },
          { "start": {}, "end": {} }
        ],
        "line": 173
      },
      "20": {
        "loc": { "start": { "line": 173, "column": 20 }, "end": { "line": 173, "column": 61 } },
        "type": "binary-expr",
        "locations": [
          { "start": { "line": 173, "column": 20 }, "end": { "line": 173, "column": 37 } },
          { "start": { "line": 173, "column": 37 }, "end": { "line": 173, "column": 61 } }
        ],
        "line": 173
      },
      "21": {
        "loc": { "start": { "line": 174, "column": 16 }, "end": { "line": 174, "column": null } },
        "type": "if",
        "locations": [
          { "start": { "line": 174, "column": 16 }, "end": { "line": 174, "column": null } },
          { "start": {}, "end": {} }
        ],
        "line": 174
      },
      "22": {
        "loc": { "start": { "line": 174, "column": 20 }, "end": { "line": 174, "column": 61 } },
        "type": "binary-expr",
        "locations": [
          { "start": { "line": 174, "column": 20 }, "end": { "line": 174, "column": 38 } },
          { "start": { "line": 174, "column": 38 }, "end": { "line": 174, "column": 61 } }
        ],
        "line": 174
      },
      "23": {
        "loc": { "start": { "line": 181, "column": 28 }, "end": { "line": 181, "column": 102 } },
        "type": "binary-expr",
        "locations": [
          { "start": { "line": 181, "column": 28 }, "end": { "line": 181, "column": 61 } },
          { "start": { "line": 181, "column": 61 }, "end": { "line": 181, "column": 102 } }
        ],
        "line": 181
      },
      "24": {
        "loc": { "start": { "line": 182, "column": 30 }, "end": { "line": 185, "column": null } },
        "type": "binary-expr",
        "locations": [
          { "start": { "line": 182, "column": 30 }, "end": { "line": 182, "column": 60 } },
          { "start": { "line": 182, "column": 60 }, "end": { "line": 185, "column": null } }
        ],
        "line": 182
      },
      "25": {
        "loc": { "start": { "line": 184, "column": 12 }, "end": { "line": 184, "column": null } },
        "type": "binary-expr",
        "locations": [
          { "start": { "line": 184, "column": 20 }, "end": { "line": 184, "column": 45 } },
          { "start": { "line": 184, "column": 45 }, "end": { "line": 184, "column": 78 } },
          { "start": { "line": 184, "column": 83 }, "end": { "line": 184, "column": null } }
        ],
        "line": 184
      },
      "26": {
        "loc": { "start": { "line": 187, "column": 26 }, "end": { "line": 187, "column": null } },
        "type": "binary-expr",
        "locations": [
          { "start": { "line": 187, "column": 26 }, "end": { "line": 187, "column": 44 } },
          { "start": { "line": 187, "column": 44 }, "end": { "line": 187, "column": 59 } },
          { "start": { "line": 187, "column": 59 }, "end": { "line": 187, "column": null } }
        ],
        "line": 187
      },
      "27": {
        "loc": { "start": { "line": 195, "column": 27 }, "end": { "line": 195, "column": null } },
        "type": "binary-expr",
        "locations": [
          { "start": { "line": 195, "column": 27 }, "end": { "line": 195, "column": 53 } },
          { "start": { "line": 195, "column": 53 }, "end": { "line": 195, "column": null } }
        ],
        "line": 195
      },
      "28": {
        "loc": { "start": { "line": 197, "column": 25 }, "end": { "line": 197, "column": null } },
        "type": "binary-expr",
        "locations": [
          { "start": { "line": 197, "column": 25 }, "end": { "line": 197, "column": 49 } },
          { "start": { "line": 197, "column": 49 }, "end": { "line": 197, "column": null } }
        ],
        "line": 197
      },
      "29": {
        "loc": { "start": { "line": 202, "column": 6 }, "end": { "line": 210, "column": null } },
        "type": "if",
        "locations": [
          { "start": { "line": 202, "column": 6 }, "end": { "line": 210, "column": null } },
          { "start": {}, "end": {} }
        ],
        "line": 202
      },
      "30": {
        "loc": { "start": { "line": 207, "column": 29 }, "end": { "line": 207, "column": null } },
        "type": "binary-expr",
        "locations": [
          { "start": { "line": 207, "column": 29 }, "end": { "line": 207, "column": 57 } },
          { "start": { "line": 207, "column": 57 }, "end": { "line": 207, "column": null } }
        ],
        "line": 207
      },
      "31": {
        "loc": { "start": { "line": 209, "column": 28 }, "end": { "line": 209, "column": null } },
        "type": "binary-expr",
        "locations": [
          { "start": { "line": 209, "column": 28 }, "end": { "line": 209, "column": 57 } },
          { "start": { "line": 209, "column": 57 }, "end": { "line": 209, "column": null } }
        ],
        "line": 209
      },
      "32": {
        "loc": { "start": { "line": 216, "column": 6 }, "end": { "line": 223, "column": null } },
        "type": "if",
        "locations": [
          { "start": { "line": 216, "column": 6 }, "end": { "line": 223, "column": null } },
          { "start": { "line": 221, "column": 13 }, "end": { "line": 223, "column": null } }
        ],
        "line": 216
      },
      "33": {
        "loc": { "start": { "line": 233, "column": 8 }, "end": { "line": 233, "column": null } },
        "type": "binary-expr",
        "locations": [
          { "start": { "line": 233, "column": 8 }, "end": { "line": 233, "column": 75 } },
          { "start": { "line": 233, "column": 75 }, "end": { "line": 233, "column": null } }
        ],
        "line": 233
      },
      "34": {
        "loc": { "start": { "line": 233, "column": 24 }, "end": { "line": 233, "column": 61 } },
        "type": "binary-expr",
        "locations": [
          { "start": { "line": 233, "column": 24 }, "end": { "line": 233, "column": 59 } },
          { "start": { "line": 233, "column": 59 }, "end": { "line": 233, "column": 61 } }
        ],
        "line": 233
      },
      "35": {
        "loc": { "start": { "line": 235, "column": 19 }, "end": { "line": 235, "column": null } },
        "type": "binary-expr",
        "locations": [
          { "start": { "line": 235, "column": 19 }, "end": { "line": 235, "column": 62 } },
          { "start": { "line": 235, "column": 62 }, "end": { "line": 235, "column": null } }
        ],
        "line": 235
      },
      "36": {
        "loc": { "start": { "line": 236, "column": 20 }, "end": { "line": 236, "column": null } },
        "type": "binary-expr",
        "locations": [
          { "start": { "line": 236, "column": 20 }, "end": { "line": 236, "column": 70 } },
          { "start": { "line": 236, "column": 70 }, "end": { "line": 236, "column": null } }
        ],
        "line": 236
      },
      "37": {
        "loc": { "start": { "line": 251, "column": 6 }, "end": { "line": 251, "column": null } },
        "type": "if",
        "locations": [
          { "start": { "line": 251, "column": 6 }, "end": { "line": 251, "column": null } },
          { "start": {}, "end": {} }
        ],
        "line": 251
      },
      "38": {
        "loc": { "start": { "line": 260, "column": 4 }, "end": { "line": 263, "column": null } },
        "type": "if",
        "locations": [
          { "start": { "line": 260, "column": 4 }, "end": { "line": 263, "column": null } },
          { "start": { "line": 262, "column": 11 }, "end": { "line": 263, "column": null } }
        ],
        "line": 260
      },
      "39": {
        "loc": { "start": { "line": 267, "column": 2 }, "end": { "line": 267, "column": null } },
        "type": "if",
        "locations": [
          { "start": { "line": 267, "column": 2 }, "end": { "line": 267, "column": null } },
          { "start": {}, "end": {} }
        ],
        "line": 267
      },
      "40": {
        "loc": { "start": { "line": 276, "column": 9 }, "end": { "line": 388, "column": null } },
        "type": "binary-expr",
        "locations": [
          { "start": { "line": 276, "column": 9 }, "end": { "line": 276, "column": null } },
          { "start": { "line": 277, "column": 10 }, "end": { "line": 388, "column": null } }
        ],
        "line": 276
      },
      "41": {
        "loc": { "start": { "line": 293, "column": 45 }, "end": { "line": 293, "column": null } },
        "type": "cond-expr",
        "locations": [
          { "start": { "line": 293, "column": 60 }, "end": { "line": 293, "column": 72 } },
          { "start": { "line": 293, "column": 72 }, "end": { "line": 293, "column": null } }
        ],
        "line": 293
      },
      "42": {
        "loc": { "start": { "line": 318, "column": 47 }, "end": { "line": 318, "column": null } },
        "type": "cond-expr",
        "locations": [
          { "start": { "line": 318, "column": 75 }, "end": { "line": 318, "column": 86 } },
          { "start": { "line": 318, "column": 86 }, "end": { "line": 318, "column": null } }
        ],
        "line": 318
      },
      "43": {
        "loc": { "start": { "line": 325, "column": 42 }, "end": { "line": 325, "column": null } },
        "type": "cond-expr",
        "locations": [
          { "start": { "line": 325, "column": 79 }, "end": { "line": 325, "column": 90 } },
          { "start": { "line": 325, "column": 90 }, "end": { "line": 325, "column": null } }
        ],
        "line": 325
      },
      "44": {
        "loc": { "start": { "line": 332, "column": 42 }, "end": { "line": 332, "column": null } },
        "type": "cond-expr",
        "locations": [
          { "start": { "line": 332, "column": 76 }, "end": { "line": 332, "column": 87 } },
          { "start": { "line": 332, "column": 87 }, "end": { "line": 332, "column": null } }
        ],
        "line": 332
      },
      "45": {
        "loc": { "start": { "line": 339, "column": 42 }, "end": { "line": 339, "column": null } },
        "type": "cond-expr",
        "locations": [
          { "start": { "line": 339, "column": 79 }, "end": { "line": 339, "column": 90 } },
          { "start": { "line": 339, "column": 90 }, "end": { "line": 339, "column": null } }
        ],
        "line": 339
      },
      "46": {
        "loc": { "start": { "line": 350, "column": 51 }, "end": { "line": 350, "column": 111 } },
        "type": "cond-expr",
        "locations": [
          { "start": { "line": 350, "column": 73 }, "end": { "line": 350, "column": 83 } },
          { "start": { "line": 350, "column": 83 }, "end": { "line": 350, "column": 111 } }
        ],
        "line": 350
      },
      "47": {
        "loc": { "start": { "line": 355, "column": 53 }, "end": { "line": 355, "column": null } },
        "type": "cond-expr",
        "locations": [
          { "start": { "line": 355, "column": 75 }, "end": { "line": 355, "column": 86 } },
          { "start": { "line": 355, "column": 86 }, "end": { "line": 355, "column": null } }
        ],
        "line": 355
      },
      "48": {
        "loc": { "start": { "line": 356, "column": 56 }, "end": { "line": 356, "column": 84 } },
        "type": "cond-expr",
        "locations": [
          { "start": { "line": 356, "column": 78 }, "end": { "line": 356, "column": 82 } },
          { "start": { "line": 356, "column": 82 }, "end": { "line": 356, "column": 84 } }
        ],
        "line": 356
      },
      "49": {
        "loc": { "start": { "line": 364, "column": 31 }, "end": { "line": 364, "column": null } },
        "type": "cond-expr",
        "locations": [
          { "start": { "line": 364, "column": 53 }, "end": { "line": 364, "column": 57 } },
          { "start": { "line": 364, "column": 57 }, "end": { "line": 364, "column": null } }
        ],
        "line": 364
      },
      "50": {
        "loc": { "start": { "line": 374, "column": 39 }, "end": { "line": 374, "column": 114 } },
        "type": "cond-expr",
        "locations": [
          { "start": { "line": 374, "column": 61 }, "end": { "line": 374, "column": 74 } },
          { "start": { "line": 374, "column": 74 }, "end": { "line": 374, "column": 114 } }
        ],
        "line": 374
      },
      "51": {
        "loc": { "start": { "line": 374, "column": 74 }, "end": { "line": 374, "column": 114 } },
        "type": "cond-expr",
        "locations": [
          { "start": { "line": 374, "column": 94 }, "end": { "line": 374, "column": 101 } },
          { "start": { "line": 374, "column": 101 }, "end": { "line": 374, "column": 114 } }
        ],
        "line": 374
      },
      "52": {
        "loc": { "start": { "line": 376, "column": 18 }, "end": { "line": 379, "column": null } },
        "type": "binary-expr",
        "locations": [
          { "start": { "line": 376, "column": 18 }, "end": { "line": 376, "column": 39 } },
          { "start": { "line": 376, "column": 39 }, "end": { "line": 376, "column": null } },
          { "start": { "line": 377, "column": 20 }, "end": { "line": 379, "column": null } }
        ],
        "line": 376
      },
      "53": {
        "loc": { "start": { "line": 379, "column": 31 }, "end": { "line": 379, "column": 126 } },
        "type": "cond-expr",
        "locations": [
          { "start": { "line": 379, "column": 53 }, "end": { "line": 379, "column": 85 } },
          { "start": { "line": 379, "column": 85 }, "end": { "line": 379, "column": 126 } }
        ],
        "line": 379
      },
      "54": {
        "loc": { "start": { "line": 384, "column": 13 }, "end": { "line": 384, "column": null } },
        "type": "binary-expr",
        "locations": [
          { "start": { "line": 384, "column": 13 }, "end": { "line": 384, "column": 22 } },
          { "start": { "line": 384, "column": 22 }, "end": { "line": 384, "column": null } }
        ],
        "line": 384
      },
      "55": {
        "loc": { "start": { "line": 392, "column": 9 }, "end": { "line": 395, "column": null } },
        "type": "binary-expr",
        "locations": [
          { "start": { "line": 392, "column": 9 }, "end": { "line": 392, "column": null } },
          { "start": { "line": 393, "column": 10 }, "end": { "line": 395, "column": null } }
        ],
        "line": 392
      },
      "56": {
        "loc": { "start": { "line": 399, "column": 9 }, "end": { "line": 467, "column": null } },
        "type": "binary-expr",
        "locations": [
          { "start": { "line": 399, "column": 9 }, "end": { "line": 399, "column": null } },
          { "start": { "line": 400, "column": 10 }, "end": { "line": 467, "column": null } }
        ],
        "line": 399
      },
      "57": {
        "loc": { "start": { "line": 406, "column": 48 }, "end": { "line": 406, "column": null } },
        "type": "cond-expr",
        "locations": [
          { "start": { "line": 406, "column": 65 }, "end": { "line": 406, "column": 76 } },
          { "start": { "line": 406, "column": 76 }, "end": { "line": 406, "column": null } }
        ],
        "line": 406
      },
      "58": {
        "loc": { "start": { "line": 407, "column": 17 }, "end": { "line": 407, "column": null } },
        "type": "binary-expr",
        "locations": [
          { "start": { "line": 407, "column": 17 }, "end": { "line": 407, "column": 35 } },
          { "start": { "line": 407, "column": 35 }, "end": { "line": 407, "column": null } }
        ],
        "line": 407
      },
      "59": {
        "loc": { "start": { "line": 411, "column": 17 }, "end": { "line": 443, "column": null } },
        "type": "cond-expr",
        "locations": [
          { "start": { "line": 412, "column": 18 }, "end": { "line": 419, "column": 30 } },
          { "start": { "line": 419, "column": 20 }, "end": { "line": 443, "column": null } }
        ],
        "line": 411
      },
      "60": {
        "loc": { "start": { "line": 419, "column": 20 }, "end": { "line": 443, "column": null } },
        "type": "cond-expr",
        "locations": [
          { "start": { "line": 420, "column": 18 }, "end": { "line": 433, "column": 19 } },
          { "start": { "line": 433, "column": 18 }, "end": { "line": 443, "column": null } }
        ],
        "line": 419
      },
      "61": {
        "loc": { "start": { "line": 424, "column": 50 }, "end": { "line": 424, "column": null } },
        "type": "cond-expr",
        "locations": [
          { "start": { "line": 424, "column": 71 }, "end": { "line": 424, "column": 84 } },
          { "start": { "line": 424, "column": 84 }, "end": { "line": 424, "column": null } }
        ],
        "line": 424
      },
      "62": {
        "loc": { "start": { "line": 437, "column": 51 }, "end": { "line": 437, "column": null } },
        "type": "cond-expr",
        "locations": [
          { "start": { "line": 437, "column": 72 }, "end": { "line": 437, "column": 85 } },
          { "start": { "line": 437, "column": 85 }, "end": { "line": 437, "column": null } }
        ],
        "line": 437
      },
      "63": {
        "loc": { "start": { "line": 453, "column": 54 }, "end": { "line": 453, "column": 89 } },
        "type": "cond-expr",
        "locations": [
          { "start": { "line": 453, "column": 71 }, "end": { "line": 453, "column": 83 } },
          { "start": { "line": 453, "column": 83 }, "end": { "line": 453, "column": 89 } }
        ],
        "line": 453
      },
      "64": {
        "loc": { "start": { "line": 467, "column": 17 }, "end": { "line": 467, "column": 72 } },
        "type": "cond-expr",
        "locations": [
          { "start": { "line": 467, "column": 57 }, "end": { "line": 467, "column": 66 } },
          { "start": { "line": 467, "column": 66 }, "end": { "line": 467, "column": 72 } }
        ],
        "line": 467
      },
      "65": {
        "loc": { "start": { "line": 473, "column": 9 }, "end": { "line": 476, "column": null } },
        "type": "binary-expr",
        "locations": [
          { "start": { "line": 473, "column": 9 }, "end": { "line": 473, "column": null } },
          { "start": { "line": 474, "column": 10 }, "end": { "line": 476, "column": null } }
        ],
        "line": 473
      },
      "66": {
        "loc": { "start": { "line": 480, "column": 9 }, "end": { "line": 571, "column": null } },
        "type": "binary-expr",
        "locations": [
          { "start": { "line": 480, "column": 9 }, "end": { "line": 480, "column": null } },
          { "start": { "line": 481, "column": 10 }, "end": { "line": 571, "column": null } }
        ],
        "line": 480
      },
      "67": {
        "loc": { "start": { "line": 488, "column": 67 }, "end": { "line": 488, "column": 92 } },
        "type": "binary-expr",
        "locations": [
          { "start": { "line": 488, "column": 67 }, "end": { "line": 488, "column": 90 } },
          { "start": { "line": 488, "column": 90 }, "end": { "line": 488, "column": 92 } }
        ],
        "line": 488
      },
      "68": {
        "loc": { "start": { "line": 493, "column": 67 }, "end": { "line": 493, "column": 91 } },
        "type": "binary-expr",
        "locations": [
          { "start": { "line": 493, "column": 67 }, "end": { "line": 493, "column": 89 } },
          { "start": { "line": 493, "column": 89 }, "end": { "line": 493, "column": 91 } }
        ],
        "line": 493
      },
      "69": {
        "loc": { "start": { "line": 498, "column": 67 }, "end": { "line": 498, "column": 94 } },
        "type": "binary-expr",
        "locations": [
          { "start": { "line": 498, "column": 67 }, "end": { "line": 498, "column": 89 } },
          { "start": { "line": 498, "column": 89 }, "end": { "line": 498, "column": 94 } }
        ],
        "line": 498
      },
      "70": {
        "loc": { "start": { "line": 507, "column": 45 }, "end": { "line": 509, "column": null } },
        "type": "cond-expr",
        "locations": [
          { "start": { "line": 508, "column": 34 }, "end": { "line": 508, "column": null } },
          { "start": { "line": 509, "column": 34 }, "end": { "line": 509, "column": null } }
        ],
        "line": 507
      },
      "71": {
        "loc": { "start": { "line": 508, "column": 78 }, "end": { "line": 508, "column": 124 } },
        "type": "binary-expr",
        "locations": [
          { "start": { "line": 508, "column": 78 }, "end": { "line": 508, "column": 120 } },
          { "start": { "line": 508, "column": 120 }, "end": { "line": 508, "column": 124 } }
        ],
        "line": 508
      },
      "72": {
        "loc": { "start": { "line": 510, "column": 42 }, "end": { "line": 510, "column": null } },
        "type": "cond-expr",
        "locations": [
          { "start": { "line": 510, "column": 61 }, "end": { "line": 510, "column": 70 } },
          { "start": { "line": 510, "column": 70 }, "end": { "line": 510, "column": null } }
        ],
        "line": 510
      },
      "73": {
        "loc": { "start": { "line": 510, "column": 70 }, "end": { "line": 510, "column": null } },
        "type": "cond-expr",
        "locations": [
          { "start": { "line": 510, "column": 96 }, "end": { "line": 510, "column": 105 } },
          { "start": { "line": 510, "column": 105 }, "end": { "line": 510, "column": null } }
        ],
        "line": 510
      },
      "74": {
        "loc": { "start": { "line": 510, "column": 105 }, "end": { "line": 510, "column": null } },
        "type": "cond-expr",
        "locations": [
          { "start": { "line": 510, "column": 129 }, "end": { "line": 510, "column": 138 } },
          { "start": { "line": 510, "column": 138 }, "end": { "line": 510, "column": null } }
        ],
        "line": 510
      },
      "75": {
        "loc": { "start": { "line": 526, "column": 17 }, "end": { "line": 533, "column": null } },
        "type": "binary-expr",
        "locations": [
          { "start": { "line": 526, "column": 17 }, "end": { "line": 526, "column": 59 } },
          { "start": { "line": 527, "column": 20 }, "end": { "line": 533, "column": null } }
        ],
        "line": 526
      },
      "76": {
        "loc": { "start": { "line": 541, "column": 67 }, "end": { "line": 541, "column": null } },
        "type": "cond-expr",
        "locations": [
          { "start": { "line": 541, "column": 83 }, "end": { "line": 541, "column": 96 } },
          { "start": { "line": 541, "column": 96 }, "end": { "line": 541, "column": null } }
        ],
        "line": 541
      },
      "77": {
        "loc": { "start": { "line": 541, "column": 96 }, "end": { "line": 541, "column": null } },
        "type": "cond-expr",
        "locations": [
          { "start": { "line": 541, "column": 112 }, "end": { "line": 541, "column": 124 } },
          { "start": { "line": 541, "column": 124 }, "end": { "line": 541, "column": null } }
        ],
        "line": 541
      },
      "78": {
        "loc": { "start": { "line": 544, "column": 37 }, "end": { "line": 544, "column": null } },
        "type": "cond-expr",
        "locations": [
          { "start": { "line": 544, "column": 53 }, "end": { "line": 544, "column": 116 } },
          { "start": { "line": 544, "column": 112 }, "end": { "line": 544, "column": null } }
        ],
        "line": 544
      },
      "79": {
        "loc": { "start": { "line": 544, "column": 112 }, "end": { "line": 544, "column": null } },
        "type": "cond-expr",
        "locations": [
          { "start": { "line": 544, "column": 128 }, "end": { "line": 544, "column": 187 } },
          { "start": { "line": 544, "column": 186 }, "end": { "line": 544, "column": null } }
        ],
        "line": 544
      },
      "80": {
        "loc": { "start": { "line": 550, "column": 64 }, "end": { "line": 550, "column": 134 } },
        "type": "cond-expr",
        "locations": [
          { "start": { "line": 550, "column": 80 }, "end": { "line": 550, "column": 89 } },
          { "start": { "line": 550, "column": 89 }, "end": { "line": 550, "column": 134 } }
        ],
        "line": 550
      },
      "81": {
        "loc": { "start": { "line": 550, "column": 89 }, "end": { "line": 550, "column": 134 } },
        "type": "cond-expr",
        "locations": [
          { "start": { "line": 550, "column": 105 }, "end": { "line": 550, "column": 117 } },
          { "start": { "line": 550, "column": 117 }, "end": { "line": 550, "column": 134 } }
        ],
        "line": 550
      },
      "82": {
        "loc": { "start": { "line": 557, "column": 33 }, "end": { "line": 560, "column": null } },
        "type": "binary-expr",
        "locations": [
          { "start": { "line": 557, "column": 33 }, "end": { "line": 557, "column": null } },
          { "start": { "line": 558, "column": 36 }, "end": { "line": 560, "column": null } }
        ],
        "line": 557
      },
      "83": {
        "loc": { "start": { "line": 583, "column": 2 }, "end": { "line": 584, "column": null } },
        "type": "if",
        "locations": [
          { "start": { "line": 583, "column": 2 }, "end": { "line": 584, "column": null } },
          { "start": { "line": 584, "column": 11 }, "end": { "line": 584, "column": null } }
        ],
        "line": 583
      },
      "84": {
        "loc": { "start": { "line": 584, "column": 11 }, "end": { "line": 584, "column": null } },
        "type": "if",
        "locations": [
          { "start": { "line": 584, "column": 11 }, "end": { "line": 584, "column": null } },
          { "start": {}, "end": {} }
        ],
        "line": 584
      }
    },
    "s": {
      "0": 0,
      "1": 0,
      "2": 0,
      "3": 0,
      "4": 0,
      "5": 0,
      "6": 0,
      "7": 0,
      "8": 0,
      "9": 0,
      "10": 0,
      "11": 0,
      "12": 0,
      "13": 0,
      "14": 0,
      "15": 0,
      "16": 0,
      "17": 0,
      "18": 0,
      "19": 0,
      "20": 0,
      "21": 0,
      "22": 0,
      "23": 0,
      "24": 0,
      "25": 0,
      "26": 0,
      "27": 0,
      "28": 0,
      "29": 0,
      "30": 0,
      "31": 0,
      "32": 0,
      "33": 0,
      "34": 0,
      "35": 0,
      "36": 0,
      "37": 0,
      "38": 0,
      "39": 0,
      "40": 0,
      "41": 0,
      "42": 0,
      "43": 0,
      "44": 0,
      "45": 0,
      "46": 0,
      "47": 0,
      "48": 0,
      "49": 0,
      "50": 0,
      "51": 0,
      "52": 0,
      "53": 0,
      "54": 0,
      "55": 0,
      "56": 0,
      "57": 0,
      "58": 0,
      "59": 0,
      "60": 0,
      "61": 0,
      "62": 0,
      "63": 0,
      "64": 0,
      "65": 0,
      "66": 0,
      "67": 0,
      "68": 0,
      "69": 0,
      "70": 0,
      "71": 0,
      "72": 0,
      "73": 0,
      "74": 0,
      "75": 0,
      "76": 0,
      "77": 0,
      "78": 0,
      "79": 0,
      "80": 0,
      "81": 0,
      "82": 0,
      "83": 0,
      "84": 0,
      "85": 0,
      "86": 0,
      "87": 0,
      "88": 0,
      "89": 0,
      "90": 0,
      "91": 0,
      "92": 0,
      "93": 0,
      "94": 0,
      "95": 0,
      "96": 0,
      "97": 0,
      "98": 0,
      "99": 0,
      "100": 0,
      "101": 0,
      "102": 0,
      "103": 0,
      "104": 0,
      "105": 0,
      "106": 0,
      "107": 0,
      "108": 0,
      "109": 0,
      "110": 0,
      "111": 0,
      "112": 0,
      "113": 0,
      "114": 0,
      "115": 0,
      "116": 0,
      "117": 0,
      "118": 0,
      "119": 0,
      "120": 0,
      "121": 0,
      "122": 0,
      "123": 0,
      "124": 0,
      "125": 0,
      "126": 0,
      "127": 0,
      "128": 0,
      "129": 0,
      "130": 0,
      "131": 0,
      "132": 0,
      "133": 0,
      "134": 0,
      "135": 0,
      "136": 0,
      "137": 0,
      "138": 0,
      "139": 0,
      "140": 0,
      "141": 0,
      "142": 0,
      "143": 0,
      "144": 0,
      "145": 0,
      "146": 0,
      "147": 0,
      "148": 0,
      "149": 0,
      "150": 0,
      "151": 0,
      "152": 0,
      "153": 0,
      "154": 0,
      "155": 0,
      "156": 0,
      "157": 0,
      "158": 0
    },
    "f": {
      "0": 0,
      "1": 0,
      "2": 0,
      "3": 0,
      "4": 0,
      "5": 0,
      "6": 0,
      "7": 0,
      "8": 0,
      "9": 0,
      "10": 0,
      "11": 0,
      "12": 0,
      "13": 0,
      "14": 0,
      "15": 0,
      "16": 0,
      "17": 0,
      "18": 0,
      "19": 0,
      "20": 0,
      "21": 0,
      "22": 0,
      "23": 0,
      "24": 0,
      "25": 0,
      "26": 0,
      "27": 0,
      "28": 0,
      "29": 0,
      "30": 0,
      "31": 0,
      "32": 0,
      "33": 0,
      "34": 0,
      "35": 0,
      "36": 0,
      "37": 0,
      "38": 0
    },
    "b": {
      "0": [0, 0],
      "1": [0, 0],
      "2": [0, 0],
      "3": [0, 0],
      "4": [0, 0],
      "5": [0, 0],
      "6": [0, 0],
      "7": [0, 0],
      "8": [0, 0],
      "9": [0, 0],
      "10": [0, 0],
      "11": [0, 0],
      "12": [0, 0],
      "13": [0, 0],
      "14": [0, 0],
      "15": [0, 0],
      "16": [0, 0],
      "17": [0, 0],
      "18": [0, 0],
      "19": [0, 0],
      "20": [0, 0],
      "21": [0, 0],
      "22": [0, 0],
      "23": [0, 0],
      "24": [0, 0],
      "25": [0, 0, 0],
      "26": [0, 0, 0],
      "27": [0, 0],
      "28": [0, 0],
      "29": [0, 0],
      "30": [0, 0],
      "31": [0, 0],
      "32": [0, 0],
      "33": [0, 0],
      "34": [0, 0],
      "35": [0, 0],
      "36": [0, 0],
      "37": [0, 0],
      "38": [0, 0],
      "39": [0, 0],
      "40": [0, 0],
      "41": [0, 0],
      "42": [0, 0],
      "43": [0, 0],
      "44": [0, 0],
      "45": [0, 0],
      "46": [0, 0],
      "47": [0, 0],
      "48": [0, 0],
      "49": [0, 0],
      "50": [0, 0],
      "51": [0, 0],
      "52": [0, 0, 0],
      "53": [0, 0],
      "54": [0, 0],
      "55": [0, 0],
      "56": [0, 0],
      "57": [0, 0],
      "58": [0, 0],
      "59": [0, 0],
      "60": [0, 0],
      "61": [0, 0],
      "62": [0, 0],
      "63": [0, 0],
      "64": [0, 0],
      "65": [0, 0],
      "66": [0, 0],
      "67": [0, 0],
      "68": [0, 0],
      "69": [0, 0],
      "70": [0, 0],
      "71": [0, 0],
      "72": [0, 0],
      "73": [0, 0],
      "74": [0, 0],
      "75": [0, 0],
      "76": [0, 0],
      "77": [0, 0],
      "78": [0, 0],
      "79": [0, 0],
      "80": [0, 0],
      "81": [0, 0],
      "82": [0, 0],
      "83": [0, 0],
      "84": [0, 0]
    },
    "meta": {
      "lastBranch": 85,
      "lastFunction": 39,
      "lastStatement": 159,
      "seen": {
        "f:19:24:19:40": 0,
        "s:20:26:20:72": 0,
        "s:22:15:22:49": 1,
        "s:23:27:23:80": 2,
        "s:24:24:24:55": 3,
        "s:25:23:25:117": 4,
        "s:26:23:26:57": 5,
        "s:27:25:27:61": 6,
        "s:29:20:29:64": 7,
        "s:30:23:30:53": 8,
        "s:31:21:31:50": 9,
        "s:32:27:32:77": 10,
        "s:33:25:40:10": 11,
        "s:41:22:41:96": 12,
        "s:42:16:42:57": 13,
        "s:44:18:48:Infinity": 14,
        "s:50:2:59:Infinity": 15,
        "f:50:2:50:18": 1,
        "b:51:4:57:Infinity:undefined:undefined:undefined:undefined": 0,
        "s:51:4:57:Infinity": 16,
        "s:52:6:52:Infinity": 17,
        "s:53:6:53:Infinity": 18,
        "s:54:6:54:Infinity": 19,
        "s:55:6:55:Infinity": 20,
        "s:56:6:56:Infinity": 21,
        "s:57:6:57:Infinity": 22,
        "s:61:35:71:Infinity": 23,
        "f:61:35:61:47": 2,
        "b:62:4:62:Infinity:undefined:undefined:undefined:undefined": 1,
        "s:62:4:62:Infinity": 24,
        "s:62:34:62:Infinity": 25,
        "s:63:4:63:Infinity": 26,
        "s:64:4:71:Infinity": 27,
        "s:65:24:65:Infinity": 28,
        "s:66:24:66:91": 29,
        "s:67:6:67:Infinity": 30,
        "s:69:6:69:Infinity": 31,
        "s:71:6:71:Infinity": 32,
        "s:75:25:91:Infinity": 33,
        "f:75:25:75:37": 3,
        "s:76:4:76:Infinity": 34,
        "s:77:4:77:Infinity": 35,
        "s:78:4:91:Infinity": 36,
        "s:79:21:84:Infinity": 37,
        "b:83:30:83:42:83:42:83:Infinity": 2,
        "b:84:36:84:48:84:48:84:Infinity": 3,
        "s:86:6:86:Infinity": 38,
        "s:87:6:87:Infinity": 39,
        "s:88:6:88:Infinity": 40,
        "s:90:6:90:Infinity": 41,
        "b:90:15:90:30:90:30:90:39": 4,
        "s:91:6:91:Infinity": 42,
        "s:95:35:116:Infinity": 43,
        "f:95:35:95:47": 4,
        "s:96:21:96:Infinity": 44,
        "b:97:4:97:Infinity:undefined:undefined:undefined:undefined": 5,
        "s:97:4:97:Infinity": 45,
        "b:97:8:97:21:97:21:97:37": 6,
        "s:97:37:97:Infinity": 46,
        "s:99:4:99:Infinity": 47,
        "s:100:4:116:Infinity": 48,
        "s:101:19:106:Infinity": 49,
        "b:106:36:106:75:106:75:106:Infinity": 7,
        "s:109:27:109:41": 50,
        "s:110:6:110:Infinity": 51,
        "s:111:6:111:Infinity": 52,
        "s:112:6:112:Infinity": 53,
        "s:114:6:114:Infinity": 54,
        "s:116:6:116:Infinity": 55,
        "s:120:8:138:Infinity": 56,
        "f:120:8:120:35": 5,
        "s:121:21:121:Infinity": 57,
        "s:124:4:132:Infinity": 58,
        "f:124:4:124:22": 6,
        "s:124:30:132:6": 59,
        "b:128:21:128:48:128:48:128:Infinity": 8,
        "b:128:80:128:90:128:90:128:Infinity": 9,
        "b:134:4:138:Infinity:137:11:138:Infinity": 10,
        "s:134:4:138:Infinity": 60,
        "s:135:6:135:Infinity": 61,
        "s:136:6:136:Infinity": 62,
        "s:138:6:138:Infinity": 63,
        "s:142:29:227:Infinity": 64,
        "f:142:29:142:41": 7,
        "s:143:21:143:Infinity": 65,
        "b:144:4:144:Infinity:undefined:undefined:undefined:undefined": 11,
        "s:144:4:144:Infinity": 66,
        "b:144:8:144:21:144:21:144:39": 12,
        "s:144:41:144:Infinity": 67,
        "s:146:4:146:Infinity": 68,
        "s:147:4:227:Infinity": 69,
        "b:150:6:198:Infinity:159:13:198:Infinity": 13,
        "s:150:6:198:Infinity": 70,
        "s:152:8:158:Infinity": 71,
        "b:154:10:154:30:154:30:154:Infinity": 14,
        "b:156:10:156:38:156:38:156:Infinity": 15,
        "s:161:28:161:59": 72,
        "s:162:14:162:80": 73,
        "b:162:30:162:56:162:56:162:60": 16,
        "s:165:53:168:Infinity": 74,
        "s:170:14:176:Infinity": 75,
        "f:170:14:170:32": 8,
        "s:171:12:174:Infinity": 76,
        "b:172:16:172:Infinity:undefined:undefined:undefined:undefined": 17,
        "s:172:16:172:Infinity": 77,
        "b:172:20:172:43:172:47:172:71": 18,
        "s:172:73:172:Infinity": 78,
        "b:173:16:173:Infinity:undefined:undefined:undefined:undefined": 19,
        "s:173:16:173:Infinity": 79,
        "b:173:20:173:37:173:37:173:61": 20,
        "s:173:63:173:Infinity": 80,
[...]
        ],
        "line": 177
      },
      "29": {
        "loc": { "start": { "line": 177, "column": 23 }, "end": { "line": 177, "column": 58 } },
        "type": "binary-expr",
        "locations": [
          { "start": { "line": 177, "column": 23 }, "end": { "line": 177, "column": 39 } },
          { "start": { "line": 177, "column": 39 }, "end": { "line": 177, "column": 58 } }
        ],
        "line": 177
      },
      "30": {
        "loc": { "start": { "line": 180, "column": 31 }, "end": { "line": 180, "column": 52 } },
        "type": "binary-expr",
        "locations": [
          { "start": { "line": 180, "column": 31 }, "end": { "line": 180, "column": 47 } },
          { "start": { "line": 180, "column": 47 }, "end": { "line": 180, "column": 52 } }
        ],
        "line": 180
      },
      "31": {
        "loc": { "start": { "line": 181, "column": 36 }, "end": { "line": 181, "column": 54 } },
        "type": "binary-expr",
        "locations": [
          { "start": { "line": 181, "column": 36 }, "end": { "line": 181, "column": 52 } },
          { "start": { "line": 181, "column": 52 }, "end": { "line": 181, "column": 54 } }
        ],
        "line": 181
      },
      "32": {
        "loc": { "start": { "line": 182, "column": 41 }, "end": { "line": 182, "column": 60 } },
        "type": "binary-expr",
        "locations": [
          { "start": { "line": 182, "column": 41 }, "end": { "line": 182, "column": 57 } },
          { "start": { "line": 182, "column": 57 }, "end": { "line": 182, "column": 60 } }
        ],
        "line": 182
      },
      "33": {
        "loc": { "start": { "line": 183, "column": 16 }, "end": { "line": 183, "column": null } },
        "type": "cond-expr",
        "locations": [
          { "start": { "line": 183, "column": 25 }, "end": { "line": 183, "column": 30 } },
          { "start": { "line": 183, "column": 30 }, "end": { "line": 183, "column": null } }
        ],
        "line": 183
      },
      "34": {
        "loc": { "start": { "line": 186, "column": 10 }, "end": { "line": 186, "column": null } },
        "type": "cond-expr",
        "locations": [
          { "start": { "line": 186, "column": 19 }, "end": { "line": 186, "column": 31 } },
          { "start": { "line": 186, "column": 31 }, "end": { "line": 186, "column": null } }
        ],
        "line": 186
      },
      "35": {
        "loc": { "start": { "line": 192, "column": 15 }, "end": { "line": 192, "column": 34 } },
        "type": "binary-expr",
        "locations": [
          { "start": { "line": 192, "column": 15 }, "end": { "line": 192, "column": 32 } },
          { "start": { "line": 192, "column": 32 }, "end": { "line": 192, "column": 34 } }
        ],
        "line": 192
      },
      "36": {
        "loc": { "start": { "line": 194, "column": 12 }, "end": { "line": 194, "column": null } },
        "type": "cond-expr",
        "locations": [
          { "start": { "line": 194, "column": 29 }, "end": { "line": 194, "column": 33 } },
          { "start": { "line": 194, "column": 33 }, "end": { "line": 194, "column": null } }
        ],
        "line": 194
      },
      "37": {
        "loc": { "start": { "line": 205, "column": 2 }, "end": { "line": 206, "column": null } },
        "type": "if",
        "locations": [
          { "start": { "line": 205, "column": 2 }, "end": { "line": 206, "column": null } },
          { "start": {}, "end": {} }
        ],
        "line": 205
      },
      "38": {
        "loc": { "start": { "line": 221, "column": 15 }, "end": { "line": 221, "column": 60 } },
        "type": "binary-expr",
        "locations": [
          { "start": { "line": 221, "column": 15 }, "end": { "line": 221, "column": 30 } },
          { "start": { "line": 221, "column": 30 }, "end": { "line": 221, "column": 60 } }
        ],
        "line": 221
      },
      "39": {
        "loc": { "start": { "line": 222, "column": 13 }, "end": { "line": 222, "column": null } },
        "type": "binary-expr",
        "locations": [
          { "start": { "line": 222, "column": 13 }, "end": { "line": 222, "column": 28 } },
          { "start": { "line": 222, "column": 28 }, "end": { "line": 222, "column": null } }
        ],
        "line": 222
      },
      "40": {
        "loc": { "start": { "line": 225, "column": 17 }, "end": { "line": 225, "column": 37 } },
        "type": "binary-expr",
        "locations": [
          { "start": { "line": 225, "column": 17 }, "end": { "line": 225, "column": 35 } },
          { "start": { "line": 225, "column": 35 }, "end": { "line": 225, "column": 37 } }
        ],
        "line": 225
      },
      "41": {
        "loc": { "start": { "line": 230, "column": 2 }, "end": { "line": 231, "column": null } },
        "type": "if",
        "locations": [
          { "start": { "line": 230, "column": 2 }, "end": { "line": 231, "column": null } },
          { "start": {}, "end": {} }
        ],
        "line": 230
      },
      "42": {
        "loc": { "start": { "line": 230, "column": 6 }, "end": { "line": 230, "column": 57 } },
        "type": "binary-expr",
        "locations": [
          { "start": { "line": 230, "column": 6 }, "end": { "line": 230, "column": 29 } },
          { "start": { "line": 230, "column": 29 }, "end": { "line": 230, "column": 57 } }
        ],
        "line": 230
      },
      "43": {
        "loc": { "start": { "line": 254, "column": 2 }, "end": { "line": 291, "column": null } },
        "type": "if",
        "locations": [
          { "start": { "line": 254, "column": 2 }, "end": { "line": 291, "column": null } },
          { "start": { "line": 275, "column": 13 }, "end": { "line": 291, "column": null } }
        ],
        "line": 254
      },
      "44": {
        "loc": { "start": { "line": 258, "column": 26 }, "end": { "line": 258, "column": null } },
        "type": "cond-expr",
        "locations": [
          { "start": { "line": 258, "column": 57 }, "end": { "line": 258, "column": 76 } },
          { "start": { "line": 258, "column": 76 }, "end": { "line": 258, "column": null } }
        ],
        "line": 258
      },
      "45": {
        "loc": { "start": { "line": 260, "column": 6 }, "end": { "line": 261, "column": null } },
        "type": "if",
        "locations": [
          { "start": { "line": 260, "column": 6 }, "end": { "line": 261, "column": null } },
          { "start": {}, "end": {} }
        ],
        "line": 260
      },
      "46": {
        "loc": { "start": { "line": 260, "column": 10 }, "end": { "line": 260, "column": 45 } },
        "type": "binary-expr",
        "locations": [
          { "start": { "line": 260, "column": 10 }, "end": { "line": 260, "column": 26 } },
          { "start": { "line": 260, "column": 26 }, "end": { "line": 260, "column": 45 } }
        ],
        "line": 260
      },
      "47": {
        "loc": { "start": { "line": 273, "column": 22 }, "end": { "line": 273, "column": 47 } },
        "type": "binary-expr",
        "locations": [
          { "start": { "line": 273, "column": 22 }, "end": { "line": 273, "column": 35 } },
          { "start": { "line": 273, "column": 35 }, "end": { "line": 273, "column": 47 } }
        ],
        "line": 273
      },
      "48": {
        "loc": { "start": { "line": 275, "column": 13 }, "end": { "line": 291, "column": null } },
        "type": "if",
        "locations": [
          { "start": { "line": 275, "column": 13 }, "end": { "line": 291, "column": null } },
          { "start": { "line": 290, "column": 9 }, "end": { "line": 291, "column": null } }
        ],
        "line": 275
      },
      "49": {
        "loc": { "start": { "line": 275, "column": 13 }, "end": { "line": 275, "column": 49 } },
        "type": "binary-expr",
        "locations": [
          { "start": { "line": 275, "column": 13 }, "end": { "line": 275, "column": 29 } },
          { "start": { "line": 275, "column": 29 }, "end": { "line": 275, "column": 49 } }
        ],
        "line": 275
      },
      "50": {
        "loc": { "start": { "line": 278, "column": 4 }, "end": { "line": 279, "column": null } },
        "type": "if",
        "locations": [
          { "start": { "line": 278, "column": 4 }, "end": { "line": 279, "column": null } },
          { "start": {}, "end": {} }
        ],
        "line": 278
      },
      "51": {
        "loc": { "start": { "line": 278, "column": 8 }, "end": { "line": 278, "column": 86 } },
        "type": "binary-expr",
        "locations": [
          { "start": { "line": 278, "column": 8 }, "end": { "line": 278, "column": 29 } },
          { "start": { "line": 278, "column": 29 }, "end": { "line": 278, "column": 60 } },
          { "start": { "line": 278, "column": 60 }, "end": { "line": 278, "column": 86 } }
        ],
        "line": 278
      }
    },
    "s": {
      "0": 8,
      "1": 3,
      "2": 5,
      "3": 5,
      "4": 5,
      "5": 0,
      "6": 0,
      "7": 0,
      "8": 0,
      "9": 0,
      "10": 0,
      "11": 0,
      "12": 0,
      "13": 0,
      "14": 5,
      "15": 3,
      "16": 2,
      "17": 2,
      "18": 4,
      "19": 4,
      "20": 4,
      "21": 2,
      "22": 2,
      "23": 3,
      "24": 4,
      "25": 4,
      "26": 9,
      "27": 2,
      "28": 7,
      "29": 2,
      "30": 5,
      "31": 2,
      "32": 3,
      "33": 2,
      "34": 1,
      "35": 5,
      "36": 3,
      "37": 3,
      "38": 3,
      "39": 2,
      "40": 3,
      "41": 0,
      "42": 0,
      "43": 0,
      "44": 0,
      "45": 0,
      "46": 0,
      "47": 0,
      "48": 0,
      "49": 0,
      "50": 0,
      "51": 0,
      "52": 0,
      "53": 0,
      "54": 0,
      "55": 0,
      "56": 0,
      "57": 0,
      "58": 0,
      "59": 0,
      "60": 6,
      "61": 2,
      "62": 4,
      "63": 3,
      "64": 3,
      "65": 2,
      "66": 2,
      "67": 9,
      "68": 3,
      "69": 6,
      "70": 12,
      "71": 6,
      "72": 6,
      "73": 6,
      "74": 0,
      "75": 6,
      "76": 0,
      "77": 0,
      "78": 0,
      "79": 0,
      "80": 0,
      "81": 0,
      "82": 0,
      "83": 0,
      "84": 0,
      "85": 0,
      "86": 0,
      "87": 0,
      "88": 1,
      "89": 0,
      "90": 0,
      "91": 0,
      "92": 0,
      "93": 0,
      "94": 0,
      "95": 0,
      "96": 0,
      "97": 0,
      "98": 0,
      "99": 0,
      "100": 0,
      "101": 0,
      "102": 0,
      "103": 0,
      "104": 0,
      "105": 0,
      "106": 0,
      "107": 0,
      "108": 0,
      "109": 0,
      "110": 0,
      "111": 0,
      "112": 0,
      "113": 0,
      "114": 0,
      "115": 0,
      "116": 0,
      "117": 0,
      "118": 0,
      "119": 0,
      "120": 0,
      "121": 0,
      "122": 0,
      "123": 0
    },
    "f": {
      "0": 8,
      "1": 0,
      "2": 5,
      "3": 3,
      "4": 2,
      "5": 4,
      "6": 3,
      "7": 4,
      "8": 9,
      "9": 5,
      "10": 3,
      "11": 0,
      "12": 6,
      "13": 9,
      "14": 12,
      "15": 0,
      "16": 0,
      "17": 0,
      "18": 0,
      "19": 0,
      "20": 0
    },
    "b": {
      "0": [3, 5],
      "1": [2, 0],
      "2": [4],
      "3": [2, 7],
      "4": [2, 5],
      "5": [2, 3],
      "6": [2, 1],
      "7": [3],
      "8": [2, 1],
      "9": [0],
      "10": [0],
      "11": [0, 0],
      "12": [0, 0],
      "13": [0, 0],
      "14": [0, 0],
      "15": [0, 0],
      "16": [0, 0],
      "17": [2, 4],
      "18": [2, 1],
      "19": [3, 6],
      "20": [9, 7],
      "21": [0, 6],
      "22": [6, 6],
      "23": [6, 1, 1],
      "24": [0],
      "25": [0, 0],
      "26": [0, 0],
      "27": [0, 0],
      "28": [0, 0],
      "29": [0, 0],
      "30": [0, 0],
      "31": [0, 0],
      "32": [0, 0],
      "33": [0, 0],
      "34": [0, 0],
      "35": [0, 0],
      "36": [0, 0],
      "37": [0, 0],
      "38": [0, 0],
      "39": [0, 0],
      "40": [0, 0],
      "41": [0, 0],
      "42": [0, 0],
      "43": [0, 0],
      "44": [0, 0],
      "45": [0, 0],
      "46": [0, 0],
      "47": [0, 0],
      "48": [0, 0],
      "49": [0, 0],
      "50": [0, 0],
      "51": [0, 0, 0]
    },
    "meta": {
      "lastBranch": 52,
      "lastFunction": 21,
      "lastStatement": 124,
      "seen": {
        "f:4:16:4:35": 0,
        "b:5:2:5:Infinity:undefined:undefined:undefined:undefined": 0,
        "s:5:2:5:Infinity": 0,
        "s:5:13:5:Infinity": 1,
        "s:6:19:6:53": 2,
        "s:7:2:7:Infinity": 3,
        "s:8:2:8:Infinity": 4,
        "f:12:16:12:29": 1,
        "s:13:15:13:57": 5,
        "s:14:14:14:39": 6,
        "s:15:15:15:42": 7,
        "s:16:2:16:Infinity": 8,
        "s:17:2:17:Infinity": 9,
        "s:18:2:18:Infinity": 10,
        "s:19:2:19:Infinity": 11,
        "s:20:2:20:Infinity": 12,
        "s:21:2:21:Infinity": 13,
        "f:25:16:25:27": 2,
        "s:26:2:26:Infinity": 14,
        "f:26:27:26:35": 3,
        "s:26:50:26:73": 15,
        "f:30:16:30:31": 4,
        "s:31:14:31:Infinity": 16,
        "s:32:14:32:Infinity": 17,
        "f:34:11:34:20": 5,
        "s:35:4:35:Infinity": 18,
        "s:36:4:36:Infinity": 19,
        "s:37:4:37:Infinity": 20,
        "s:40:2:40:Infinity": 21,
        "s:41:2:41:Infinity": 22,
        "b:41:21:41:37:41:37:41:Infinity": 1,
        "f:45:16:45:37": 6,
        "s:46:2:46:Infinity": 23,
        "f:50:16:50:32": 7,
        "b:50:65:50:76": 2,
        "s:52:14:52:Infinity": 24,
        "s:53:2:53:Infinity": 25,
        "f:57:16:57:32": 8,
        "b:58:2:58:Infinity:undefined:undefined:undefined:undefined": 3,
        "s:58:2:58:Infinity": 26,
        "s:58:22:58:Infinity": 27,
        "b:59:2:59:Infinity:undefined:undefined:undefined:undefined": 4,
        "s:59:2:59:Infinity": 28,
        "s:59:22:59:Infinity": 29,
        "b:60:2:60:Infinity:undefined:undefined:undefined:undefined": 5,
        "s:60:2:60:Infinity": 30,
        "s:60:22:60:Infinity": 31,
        "b:61:2:61:Infinity:undefined:undefined:undefined:undefined": 6,
        "s:61:2:61:Infinity": 32,
        "s:61:19:61:Infinity": 33,
        "s:62:2:62:Infinity": 34,
        "f:66:16:66:29": 9,
        "s:67:2:67:Infinity": 35,
        "f:71:16:71:38": 10,
        "b:71:78:71:131": 7,
        "s:72:22:72:Infinity": 36,
        "b:72:35:72:71:72:71:72:Infinity": 8,
        "s:73:15:73:74": 37,
        "s:74:2:75:Infinity": 38,
        "s:75:4:75:Infinity": 39,
        "s:77:2:77:Infinity": 40,
        "f:84:16:84:31": 11,
        "b:84:66:84:69": 9,
        "b:84:86:84:101": 10,
        "s:85:15:85:Infinity": 41,
        "b:86:2:93:Infinity:88:9:93:Infinity": 11,
        "s:86:2:93:Infinity": 42,
        "s:87:4:87:Infinity": 43,
        "b:90:4:93:Infinity:92:11:93:Infinity": 12,
        "s:90:4:93:Infinity": 44,
        "s:91:6:91:Infinity": 45,
        "s:93:6:93:Infinity": 46,
        "b:97:2:102:Infinity:undefined:undefined:undefined:undefined": 13,
        "s:97:2:102:Infinity": 47,
        "s:98:13:98:Infinity": 48,
        "s:99:4:100:Infinity": 49,
        "s:100:6:100:Infinity": 50,
        "s:102:4:102:Infinity": 51,
        "s:105:20:105:Infinity": 52,
        "b:105:34:105:57:105:57:105:Infinity": 14,
        "s:106:17:106:Infinity": 53,
        "b:108:2:109:Infinity:undefined:undefined:undefined:undefined": 15,
        "s:108:2:109:Infinity": 54,
        "b:108:6:108:19:108:19:108:50": 16,
        "s:109:4:109:Infinity": 55,
        "s:112:11:112:Infinity": 56,
        "s:113:2:114:Infinity": 57,
        "s:114:4:114:Infinity": 58,
        "s:116:2:116:Infinity": 59,
        "f:123:16:123:29": 12,
        "b:124:2:124:Infinity:undefined:undefined:undefined:undefined": 17,
        "s:124:2:124:Infinity": 60,
        "s:124:28:124:Infinity": 61,
        "s:126:2:129:Infinity": 62,
        "s:127:17:127:46": 63,
        "b:128:4:129:Infinity:undefined:undefined:undefined:undefined": 18,
        "s:128:4:129:Infinity": 64,
        "s:129:6:129:Infinity": 65,
        "s:132:2:132:Infinity": 66,
        "f:139:16:139:36": 13,
        "b:140:2:140:Infinity:undefined:undefined:undefined:undefined": 19,
        "s:140:2:140:Infinity": 67,
        "b:140:6:140:16:140:16:140:24": 20,
        "s:140:24:140:Infinity": 68,
        "s:142:8:146:Infinity": 69,
        "f:142:8:142:21": 14,
        "s:143:4:146:Infinity": 70,
        "s:149:13:149:29": 71,
        "s:150:13:150:29": 72,
        "b:152:2:152:Infinity:undefined:undefined:undefined:undefined": 21,
        "s:152:2:152:Infinity": 73,
        "b:152:6:152:13:152:13:152:18": 22,
        "s:152:18:152:Infinity": 74,
        "s:154:2:154:Infinity": 75,
        "b:154:9:154:22:154:22:154:37:154:41:154:56": 23,
        "f:167:16:167:38": 15,
        "b:167:73:167:83": 24,
        "s:168:17:168:Infinity": 76,
        "s:169:20:169:Infinity": 77,
        "b:169:29:169:52:169:52:169:Infinity": 25,
        "s:170:17:170:Infinity": 78,
        "b:172:2:173:Infinity:undefined:undefined:undefined:undefined": 26,
        "s:172:2:173:Infinity": 79,
        "b:172:6:172:19:172:19:172:50": 27,
        "s:173:4:173:Infinity": 80,
        "s:177:23:177:Infinity": 81,
        "b:177:62:177:77:177:77:177:Infinity": 28,
        "b:177:23:177:39:177:39:177:58": 29,
        "s:180:19:180:56": 82,
        "b:180:31:180:47:180:47:180:52": 30,
        "s:181:20:181:54": 83,
        "b:181:36:181:52:181:52:181:54": 31,
        "s:182:25:182:64": 84,
        "b:182:41:182:57:182:57:182:60": 32,
        "s:183:16:183:Infinity": 85,
        "b:183:25:183:30:183:30:183:Infinity": 33,
        "s:185:2:196:Infinity": 86,
        "b:186:19:186:31:186:31:186:Infinity": 34,
        "b:192:15:192:32:192:32:192:34": 35,
        "f:192:36:192:40": 16,
        "s:192:49:192:88": 87,
        "b:194:29:194:33:194:33:194:Infinity": 36,
        "s:199:20:199:37": 88,
        "f:201:16:201:43": 17,
        "s:203:16:203:Infinity": 89,
        "s:204:16:204:65": 90,
        "b:205:2:206:Infinity:undefined:undefined:undefined:undefined": 37,
        "s:205:2:206:Infinity": 91,
        "s:206:4:206:Infinity": 92,
        "s:209:19:209:49": 93,
        "f:212:11:212:19": 18,
        "s:215:23:215:Infinity": 94,
        "s:217:24:217:85": 95,
        "s:219:4:226:Infinity": 96,
        "b:221:15:221:30:221:30:221:60": 38,
        "b:222:13:222:28:222:28:222:Infinity": 39,
        "b:225:17:225:35:225:35:225:37": 40,
        "b:230:2:231:Infinity:undefined:undefined:undefined:undefined": 41,
        "s:230:2:231:Infinity": 97,
        "b:230:6:230:29:230:29:230:57": 42,
        "s:231:4:231:Infinity": 98,
        "s:234:2:234:Infinity": 99,
        "f:240:16:240:36": 19,
        "s:242:15:242:50": 100,
        "s:243:2:243:Infinity": 101,
        "f:249:22:249:40": 20,
        "s:250:18:250:35": 102,
        "s:251:23:251:43": 103,
        "s:252:14:252:47": 104,
        "b:254:2:291:Infinity:275:13:291:Infinity": 43,
        "s:254:2:291:Infinity": 105,
        "s:255:4:273:Infinity": 106,
        "s:256:19:256:38": 107,
        "s:258:26:258:Infinity": 108,
        "b:258:57:258:76:258:76:258:Infinity": 44,
        "b:260:6:261:Infinity:undefined:undefined:undefined:undefined": 45,
        "s:260:6:261:Infinity": 109,
        "b:260:10:260:26:260:26:260:45": 46,
        "s:261:8:261:Infinity": 110,
        "s:265:25:265:64": 111,
        "s:266:6:266:Infinity": 112,
        "s:267:6:267:Infinity": 113,
        "s:268:6:268:Infinity": 114,
        "s:269:6:269:Infinity": 115,
        "s:271:6:271:Infinity": 116,
        "s:273:6:273:Infinity": 117,
        "b:273:22:273:35:273:35:273:47": 47,
        "b:275:13:291:Infinity:290:9:291:Infinity": 48,
        "s:275:13:291:Infinity": 118,
        "b:275:13:275:29:275:29:275:49": 49,
        "s:276:21:276:56": 119,
        "b:278:4:279:Infinity:undefined:undefined:undefined:undefined": 50,
        "s:278:4:279:Infinity": 120,
        "b:278:8:278:29:278:29:278:60:278:60:278:86": 51,
        "s:279:6:279:Infinity": 121,
        "s:282:4:289:Infinity": 122,
        "s:291:4:291:Infinity": 123
      }
    }
  }
}
